[08/12/2021 23:56:49] [Info] [registered] /more (Rocket.Unturned.Commands.CommandMore/more)
[08/12/2021 23:56:49] [Info] [registered] /admin (Rocket.Unturned.Commands.CommandAdmin/admin)
[08/12/2021 23:56:49] [Info] [registered] /broadcast (Rocket.Unturned.Commands.CommandBroadcast/broadcast)
[08/12/2021 23:56:49] [Info] [registered] /compass (Rocket.Unturned.Commands.CommandCompass/compass)
[08/12/2021 23:56:49] [Info] [registered] /effect (Rocket.Unturned.Commands.CommandEffect/effect)
[08/12/2021 23:56:49] [Info] [registered] /exit (Rocket.Unturned.Commands.CommandExit/exit)
[08/12/2021 23:56:49] [Info] [registered] /god (Rocket.Unturned.Commands.CommandGod/god)
[08/12/2021 23:56:49] [Info] [registered] /heal (Rocket.Unturned.Commands.CommandHeal/heal)
[08/12/2021 23:56:49] [Info] [registered] /help (Rocket.Unturned.Commands.CommandHelp/help)
[08/12/2021 23:56:49] [Info] [registered] /home (Rocket.Unturned.Commands.CommandHome/home)
[08/12/2021 23:56:49] [Info] [registered] /i (Rocket.Unturned.Commands.CommandI/i)
[08/12/2021 23:56:49] [Info] [registered] /item (Rocket.Unturned.Commands.CommandI/item)
[08/12/2021 23:56:49] [Info] [registered] /investigate (Rocket.Unturned.Commands.CommandInvestigate/investigate)
[08/12/2021 23:56:49] [Info] [registered] /p (Rocket.Unturned.Commands.CommandP/p)
[08/12/2021 23:56:49] [Info] [registered] /permissions (Rocket.Unturned.Commands.CommandP/permissions)
[08/12/2021 23:56:49] [Info] [registered] /rocket (Rocket.Unturned.Commands.CommandRocket/rocket)
[08/12/2021 23:56:49] [Info] [registered] /tp (Rocket.Unturned.Commands.CommandTp/tp)
[08/12/2021 23:56:49] [Info] [registered] /tphere (Rocket.Unturned.Commands.CommandTphere/tphere)
[08/12/2021 23:56:49] [Info] [registered] /unadmin (Rocket.Unturned.Commands.CommandUnadmin/unadmin)
[08/12/2021 23:56:49] [Info] [registered] /v (Rocket.Unturned.Commands.CommandV/v)
[08/12/2021 23:56:49] [Info] [registered] /vanish (Rocket.Unturned.Commands.CommandVanish/vanish)
[08/12/2021 23:56:49] [Info] Loading MaxPlayer from /home/steam/unturned/Servers/myserver/Rocket/Plugins/MaxPlayer.dll
[08/12/2021 23:56:49] [Info] Loading WebsiteCommand from /home/steam/unturned/Servers/myserver/Rocket/Plugins/WebsiteCommand.dll
[08/12/2021 23:56:50] [Info] Loading uEssentials from /home/steam/unturned/Servers/myserver/Rocket/Plugins/uEssentials.dll
[08/12/2021 23:56:50] [Info] 
[loading] MaxPlayer
[08/12/2021 23:56:50] [Info] [registered] /checkmaxplayers (Tortellio.MaxplayerModifier.Commands.CommandMaxPlayers/checkmaxplayers)
[08/12/2021 23:56:50] [Info] [registered] /checkmp (Tortellio.MaxplayerModifier.Commands.CommandMaxPlayers/checkmp)
[08/12/2021 23:56:50] [Info] [registered] /mps (Tortellio.MaxplayerModifier.Commands.CommandMaxPlayers/mps)
[08/12/2021 23:56:50] [Info] [registered] /setmaxplayers (Tortellio.MaxplayerModifier.Commands.CommandMaxPlayer/setmaxplayers)
[08/12/2021 23:56:50] [Info] [registered] /setmp (Tortellio.MaxplayerModifier.Commands.CommandMaxPlayer/setmp)
[08/12/2021 23:56:50] [Info] [registered] /mp (Tortellio.MaxplayerModifier.Commands.CommandMaxPlayer/mp)
[08/12/2021 23:56:50] [Info] MaxPlayer >> MaxplayerModifier has been loaded!
[08/12/2021 23:56:50] [Info] MaxPlayer >> MaxplayerModifier 1.0.7
[08/12/2021 23:56:50] [Info] MaxPlayer >> Made by Tortellio
[08/12/2021 23:56:50] [Info] 
[loading] WebsiteCommand
[08/12/2021 23:56:50] [Info] WebsiteCommand >> WebsiteCommand has loaded!
[08/12/2021 23:56:50] [Info] [registered] /discord (WebsiteCommand.RocketWebsiteCommand/Discord)
[08/12/2021 23:56:50] [Info] 
[loading] uEssentials
[08/12/2021 23:56:50] [Info] This server will automatically save every 1800 seconds
[08/12/2021 23:56:50] [Info] Steam servers ready!
[08/12/2021 23:56:50] [Info] Workshop install folder: /home/steam/unturned/Servers/myserver/Workshop/Steam
[08/12/2021 23:56:50] [Info] 13 workshop item(s) requested
[08/12/2021 23:56:50] [Info] Submitting workshop query for 13 item(s)...
[08/12/2021 23:56:50] [Info] Workshop query yielded 13 result(s)
[08/12/2021 23:56:59] [Info] This server's allowed IP for Workshop downloads: 152.67.60.193
[08/12/2021 23:56:59] [Info] 1232252658 'More Farming Mod' queued for download
[08/12/2021 23:56:59] [Info] 928394140 'Oldie Firearm Pack' queued for download
[08/12/2021 23:56:59] [Info] 2306374088 'MilitaryMkll' queued for download
[08/12/2021 23:56:59] [Info] 2528363491 'Wind Vehicles' queued for download
[08/12/2021 23:56:59] [Info] 2446784509 'JDM Cars ID's' queued for download
[08/12/2021 23:56:59] [Info] 2451595662 'Vanilla Vehicles 2: Air Transport' queued for download
[08/12/2021 23:56:59] [Info] 1979157694 'France Bundles' queued for download
[08/12/2021 23:56:59] [Info] 2487056925 'Kuwait Assets (Always Updated)' queued for download
[08/12/2021 23:56:59] [Info] 2175483644 'Metal Upgrades v5 Edited' queued for download
[08/12/2021 23:56:59] [Info] 1441131424 '[METAL] Building Assets by roll4charm' queued for download
[08/12/2021 23:56:59] [Info] 2425744483 ' Hard stack 2021' queued for download
[08/12/2021 23:56:59] [Info] 939083944 'GoldGaming's Locker Pack' queued for download
[08/12/2021 23:56:59] [Info] 2365700338 'Vanilla Vehicles 2' queued for download
[08/12/2021 23:56:59] [Info] 13 workshop item(s) to download...
[08/12/2021 23:56:59] [Info] Workshop item found in cache: 1232252658
[08/12/2021 23:56:59] [Info] Installing workshop item: 1232252658
[08/12/2021 23:56:59] [Info] Installed workshop item: 1232252658
[08/12/2021 23:56:59] [Info] Workshop item found in cache: 928394140
[08/12/2021 23:56:59] [Info] Installing workshop item: 928394140
[08/12/2021 23:56:59] [Info] Installed workshop item: 928394140
[08/12/2021 23:56:59] [Info] Workshop item found in cache: 2306374088
[08/12/2021 23:56:59] [Info] Installing workshop item: 2306374088
[08/12/2021 23:56:59] [Info] Installed workshop item: 2306374088
[08/12/2021 23:56:59] [Info] Workshop item found in cache: 2528363491
[08/12/2021 23:56:59] [Info] Installing workshop item: 2528363491
[08/12/2021 23:56:59] [Info] Installed workshop item: 2528363491
[08/12/2021 23:56:59] [Info] Downloading workshop item: 2446784509
[08/12/2021 23:56:59] [Info] Successfully downloaded workshop item: 2446784509
[08/12/2021 23:56:59] [Warning] Finished downloading workshop item 2446784509, but unable to find the files on disk (/home/steam/unturned/Servers/myserver/Workshop/Steam/content/304930/2446784509/1719787067167067005_legacy.bin)
[08/12/2021 23:56:59] [Info] Workshop item found in cache: 2451595662
[08/12/2021 23:56:59] [Info] Installing workshop item: 2451595662
[08/12/2021 23:57:29] [Info] Installed workshop item: 2451595662
[08/12/2021 23:57:29] [Info] Workshop item found in cache: 1979157694
[08/12/2021 23:57:29] [Info] Installing workshop item: 1979157694
[08/12/2021 23:57:30] [Info] Installed workshop item: 1979157694
[08/12/2021 23:57:30] [Info] Workshop item found in cache: 2487056925
[08/12/2021 23:57:30] [Info] Installing workshop item: 2487056925
[08/12/2021 23:57:30] [Info] Installed workshop item: 2487056925
[08/12/2021 23:57:30] [Info] Workshop item found in cache: 2175483644
[08/12/2021 23:57:30] [Info] Installing workshop item: 2175483644
[08/12/2021 23:57:30] [Info] Installed workshop item: 2175483644
[08/12/2021 23:57:30] [Info] Workshop item found in cache: 1441131424
[08/12/2021 23:57:30] [Info] Installing workshop item: 1441131424
[08/12/2021 23:57:30] [Info] Installed workshop item: 1441131424
[08/12/2021 23:57:30] [Info] Workshop item found in cache: 2425744483
[08/12/2021 23:57:30] [Info] Installing workshop item: 2425744483
[08/12/2021 23:57:30] [Info] Installed workshop item: 2425744483
[08/12/2021 23:57:30] [Info] Workshop item found in cache: 939083944
[08/12/2021 23:57:30] [Info] Installing workshop item: 939083944
[08/12/2021 23:57:30] [Info] Installed workshop item: 939083944
[08/12/2021 23:57:30] [Info] Workshop item found in cache: 2365700338
[08/12/2021 23:57:30] [Info] Installing workshop item: 2365700338
[08/12/2021 23:57:30] [Error] Value cannot be null.
Parameter name: key
[08/12/2021 23:57:30] [Error]   at System.Collections.Generic.Dictionary`2[TKey,TValue].FindEntry (TKey key) [0x00008] in <eae584ce26bc40229c1b1aa476bfa589>:0 
  at System.Collections.Generic.Dictionary`2[TKey,TValue].TryGetValue (TKey key, TValue& value) [0x00000] in <eae584ce26bc40229c1b1aa476bfa589>:0 
  at SDG.Framework.IO.FormattedFiles.KeyValueTables.KeyValueTableReader.readDictionary (System.IO.StreamReader input, System.Collections.Generic.Dictionary`2[TKey,TValue] scope) [0x000fe] in <46c02ba799bc45339b988c80e129c3b1>:0 
  at SDG.Framework.IO.FormattedFiles.KeyValueTables.KeyValueTableReader..ctor (System.IO.StreamReader input) [0x00019] in <46c02ba799bc45339b988c80e129c3b1>:0 
  at SDG.Framework.IO.FormattedFiles.KeyValueTables.KeyValueTableReader.readDictionary (System.IO.StreamReader input, System.Collections.Generic.Dictionary`2[TKey,TValue] scope) [0x00124] in <46c02ba799bc45339b988c80e129c3b1>:0 
  at SDG.Framework.IO.FormattedFiles.KeyValueTables.KeyValueTableReader..ctor (System.IO.StreamReader input) [0x00019] in <46c02ba799bc45339b988c80e129c3b1>:0 
  at SDG.Unturned.Assets.loadFile (SDG.Unturned.Assets+ScannedFileInfo file) [0x0002f] in <46c02ba799bc45339b988c80e129c3b1>:0 
[08/12/2021 23:57:30] [Info] Installed workshop item: 2365700338
[08/12/2021 23:57:30] [Info] Loading level: 8%
[08/12/2021 23:57:32] [Info] Loading level: 16%
[08/12/2021 23:57:34] [Info] Loading level: 25%
[08/12/2021 23:57:34] [Info] Loading level: 33%
[08/12/2021 23:57:34] [Info] Loading level: 41%
[08/12/2021 23:57:34] [Info] Loading level: 50%
[08/12/2021 23:57:34] [Info] Loading level: 58%
[08/12/2021 23:57:34] [Info] Loading level: 66%
[08/12/2021 23:57:34] [Info] Loading level: 75%
[08/12/2021 23:57:34] [Info] Loading level: 83%
[08/12/2021 23:57:34] [Info] Loading level: 91%
[08/12/2021 23:57:34] [Info] Loading level: 100%
[08/12/2021 23:57:46] [Error] Failed to generate an item with ID 36820 from type Fire [6]
[08/13/2021 00:07:19] [Error] Failed to generate an item with ID 36820 from type Fire [6]
[08/13/2021 00:07:19] [Error] Failed to generate an item with ID 36821 from type Fire [6]
[08/13/2021 00:07:19] [Error] Failed to generate an item with ID 36820 from type Fire [6]
[08/13/2021 00:07:19] [Error] Failed to generate an item with ID 36112 from type Fire [6]
[08/13/2021 00:07:19] [Error] Failed to generate an item with ID 36115 from type Fire [6]
[08/13/2021 00:07:19] [Error] Failed to generate an item with ID 36821 from type Fire [6]
[08/13/2021 00:07:19] [Error] Failed to generate an item with ID 36111 from type Fire [6]
[08/13/2021 00:07:19] [Error] Failed to generate an item with ID 36820 from type Fire [6]
[08/13/2021 00:07:19] [Error] Failed to generate an item with ID 36116 from type Fire [6]
[08/13/2021 00:07:19] [Error] Failed to generate an item with ID 36821 from type Fire [6]
[08/13/2021 00:07:19] [Error] Failed to generate an item with ID 36116 from type Fire [6]
[08/13/2021 00:07:19] [Error] Failed to generate an item with ID 36820 from type Fire [6]
[08/13/2021 00:07:19] [Error] Failed to generate an item with ID 36115 from type Fire [6]
[08/13/2021 00:07:19] [Error] Failed to generate an item with ID 36820 from type Fire [6]
[08/13/2021 00:07:19] [Error] Failed to generate an item with ID 36115 from type Fire [6]
[08/13/2021 00:07:19] [Error] Failed to generate an item with ID 36110 from type Fire [6]
[08/13/2021 00:07:19] [Error] Failed to generate an item with ID 36114 from type Fire [6]
[08/13/2021 00:07:19] [Info] 
[unloading] MaxPlayer
