[08/21/2021 00:49:37] [Info] [registered] /more (Rocket.Unturned.Commands.CommandMore/more)
[08/21/2021 00:49:37] [Info] [registered] /admin (Rocket.Unturned.Commands.CommandAdmin/admin)
[08/21/2021 00:49:37] [Info] [registered] /broadcast (Rocket.Unturned.Commands.CommandBroadcast/broadcast)
[08/21/2021 00:49:37] [Info] [registered] /compass (Rocket.Unturned.Commands.CommandCompass/compass)
[08/21/2021 00:49:37] [Info] [registered] /effect (Rocket.Unturned.Commands.CommandEffect/effect)
[08/21/2021 00:49:37] [Info] [registered] /exit (Rocket.Unturned.Commands.CommandExit/exit)
[08/21/2021 00:49:37] [Info] [registered] /god (Rocket.Unturned.Commands.CommandGod/god)
[08/21/2021 00:49:37] [Info] [registered] /heal (Rocket.Unturned.Commands.CommandHeal/heal)
[08/21/2021 00:49:37] [Info] [registered] /help (Rocket.Unturned.Commands.CommandHelp/help)
[08/21/2021 00:49:37] [Info] [registered] /home (Rocket.Unturned.Commands.CommandHome/home)
[08/21/2021 00:49:37] [Info] [registered] /i (Rocket.Unturned.Commands.CommandI/i)
[08/21/2021 00:49:37] [Info] [registered] /item (Rocket.Unturned.Commands.CommandI/item)
[08/21/2021 00:49:37] [Info] [registered] /investigate (Rocket.Unturned.Commands.CommandInvestigate/investigate)
[08/21/2021 00:49:37] [Info] [registered] /p (Rocket.Unturned.Commands.CommandP/p)
[08/21/2021 00:49:37] [Info] [registered] /permissions (Rocket.Unturned.Commands.CommandP/permissions)
[08/21/2021 00:49:37] [Info] [registered] /rocket (Rocket.Unturned.Commands.CommandRocket/rocket)
[08/21/2021 00:49:37] [Info] [registered] /tp (Rocket.Unturned.Commands.CommandTp/tp)
[08/21/2021 00:49:37] [Info] [registered] /tphere (Rocket.Unturned.Commands.CommandTphere/tphere)
[08/21/2021 00:49:37] [Info] [registered] /unadmin (Rocket.Unturned.Commands.CommandUnadmin/unadmin)
[08/21/2021 00:49:37] [Info] [registered] /v (Rocket.Unturned.Commands.CommandV/v)
[08/21/2021 00:49:37] [Info] [registered] /vanish (Rocket.Unturned.Commands.CommandVanish/vanish)
[08/21/2021 00:49:37] [Info] Loading MaxPlayer from /home/steam/unturned/Servers/myserver/Rocket/Plugins/MaxPlayer.dll
[08/21/2021 00:49:37] [Info] Loading WebsiteCommand from /home/steam/unturned/Servers/myserver/Rocket/Plugins/WebsiteCommand.dll
[08/21/2021 00:49:37] [Info] Loading uEssentials from /home/steam/unturned/Servers/myserver/Rocket/Plugins/uEssentials.dll
[08/21/2021 00:49:37] [Info] 
[loading] MaxPlayer
[08/21/2021 00:49:37] [Info] [registered] /checkmaxplayers (Tortellio.MaxplayerModifier.Commands.CommandMaxPlayers/checkmaxplayers)
[08/21/2021 00:49:37] [Info] [registered] /checkmp (Tortellio.MaxplayerModifier.Commands.CommandMaxPlayers/checkmp)
[08/21/2021 00:49:37] [Info] [registered] /mps (Tortellio.MaxplayerModifier.Commands.CommandMaxPlayers/mps)
[08/21/2021 00:49:37] [Info] [registered] /setmaxplayers (Tortellio.MaxplayerModifier.Commands.CommandMaxPlayer/setmaxplayers)
[08/21/2021 00:49:37] [Info] [registered] /setmp (Tortellio.MaxplayerModifier.Commands.CommandMaxPlayer/setmp)
[08/21/2021 00:49:37] [Info] [registered] /mp (Tortellio.MaxplayerModifier.Commands.CommandMaxPlayer/mp)
[08/21/2021 00:49:37] [Info] MaxPlayer >> MaxplayerModifier has been loaded!
[08/21/2021 00:49:37] [Info] MaxPlayer >> MaxplayerModifier 1.0.7
[08/21/2021 00:49:37] [Info] MaxPlayer >> Made by Tortellio
[08/21/2021 00:49:37] [Info] 
[loading] WebsiteCommand
[08/21/2021 00:49:37] [Info] WebsiteCommand >> WebsiteCommand has loaded!
[08/21/2021 00:49:37] [Info] [registered] /discord (WebsiteCommand.RocketWebsiteCommand/Discord)
[08/21/2021 00:49:37] [Info] 
[loading] uEssentials
[08/21/2021 00:49:37] [Info] This server will automatically save every 1800 seconds
[08/21/2021 00:49:37] [Info] Steam servers ready!
[08/21/2021 00:49:37] [Info] Workshop install folder: /home/steam/unturned/Servers/myserver/Workshop/Steam
[08/21/2021 00:49:37] [Info] 13 workshop item(s) requested
[08/21/2021 00:49:37] [Info] Submitting workshop query for 13 item(s)...
[08/21/2021 00:49:37] [Info] Workshop query yielded 13 result(s)
[08/21/2021 00:49:37] [Info] This server's allowed IP for Workshop downloads: 152.67.60.193
[08/21/2021 00:49:46] [Info] 1232252658 'More Farming Mod' queued for download
[08/21/2021 00:49:46] [Info] 928394140 'Oldie Firearm Pack' queued for download
[08/21/2021 00:49:46] [Info] 2306374088 'MilitaryMkll' queued for download
[08/21/2021 00:49:46] [Info] 2528363491 'Wind Vehicles' queued for download
[08/21/2021 00:49:46] [Info] 2446784509 'JDM Cars ID's' queued for download
[08/21/2021 00:49:46] [Info] 2451595662 'Vanilla Vehicles 2: Air Transport' queued for download
[08/21/2021 00:49:46] [Info] 1979157694 'France Bundles' queued for download
[08/21/2021 00:49:46] [Info] 2487056925 'Kuwait Assets (Always Updated)' queued for download
[08/21/2021 00:49:46] [Info] 2175483644 'Metal Upgrades v5 Edited' queued for download
[08/21/2021 00:49:46] [Info] 1441131424 '[METAL] Building Assets by roll4charm' queued for download
[08/21/2021 00:49:46] [Info] 2425744483 ' Hard stack 2021' queued for download
[08/21/2021 00:49:46] [Info] 939083944 'GoldGaming's Locker Pack' queued for download
[08/21/2021 00:49:46] [Info] 2365700338 'Vanilla Vehicles 2' queued for download
[08/21/2021 00:49:46] [Info] 13 workshop item(s) to download...
[08/21/2021 00:49:46] [Info] Workshop item found in cache: 1232252658
[08/21/2021 00:49:46] [Info] Installing workshop item: 1232252658
[08/21/2021 00:49:46] [Info] Installed workshop item: 1232252658
[08/21/2021 00:49:46] [Info] Workshop item found in cache: 928394140
[08/21/2021 00:49:46] [Info] Installing workshop item: 928394140
[08/21/2021 00:49:46] [Info] Installed workshop item: 928394140
[08/21/2021 00:49:46] [Info] Workshop item found in cache: 2306374088
[08/21/2021 00:49:46] [Info] Installing workshop item: 2306374088
[08/21/2021 00:49:46] [Info] Installed workshop item: 2306374088
[08/21/2021 00:49:46] [Info] Workshop item found in cache: 2528363491
[08/21/2021 00:49:46] [Info] Installing workshop item: 2528363491
[08/21/2021 00:49:46] [Info] Installed workshop item: 2528363491
[08/21/2021 00:49:46] [Info] Downloading workshop item: 2446784509
[08/21/2021 00:49:46] [Info] Successfully downloaded workshop item: 2446784509
[08/21/2021 00:49:46] [Warning] Finished downloading workshop item 2446784509, but unable to find the files on disk (/home/steam/unturned/Servers/myserver/Workshop/Steam/content/304930/2446784509/1719787067167067005_legacy.bin)
[08/21/2021 00:49:46] [Info] Workshop item found in cache: 2451595662
[08/21/2021 00:49:46] [Info] Installing workshop item: 2451595662
[08/21/2021 00:50:17] [Info] Installed workshop item: 2451595662
[08/21/2021 00:50:17] [Info] Workshop item found in cache: 1979157694
[08/21/2021 00:50:17] [Info] Installing workshop item: 1979157694
[08/21/2021 00:50:17] [Info] Installed workshop item: 1979157694
[08/21/2021 00:50:17] [Info] Workshop item found in cache: 2487056925
[08/21/2021 00:50:17] [Info] Installing workshop item: 2487056925
[08/21/2021 00:50:17] [Info] Installed workshop item: 2487056925
[08/21/2021 00:50:17] [Info] Workshop item found in cache: 2175483644
[08/21/2021 00:50:17] [Info] Installing workshop item: 2175483644
[08/21/2021 00:50:17] [Info] Installed workshop item: 2175483644
[08/21/2021 00:50:17] [Info] Workshop item found in cache: 1441131424
[08/21/2021 00:50:17] [Info] Installing workshop item: 1441131424
[08/21/2021 00:50:17] [Info] Installed workshop item: 1441131424
[08/21/2021 00:50:17] [Info] Workshop item found in cache: 2425744483
[08/21/2021 00:50:17] [Info] Installing workshop item: 2425744483
[08/21/2021 00:50:17] [Info] Installed workshop item: 2425744483
[08/21/2021 00:50:17] [Info] Workshop item found in cache: 939083944
[08/21/2021 00:50:17] [Info] Installing workshop item: 939083944
[08/21/2021 00:50:17] [Info] Installed workshop item: 939083944
[08/21/2021 00:50:17] [Info] Workshop item found in cache: 2365700338
[08/21/2021 00:50:17] [Info] Installing workshop item: 2365700338
[08/21/2021 00:50:17] [Error] Value cannot be null.
Parameter name: key
[08/21/2021 00:50:17] [Error]   at System.Collections.Generic.Dictionary`2[TKey,TValue].FindEntry (TKey key) [0x00008] in <eae584ce26bc40229c1b1aa476bfa589>:0 
  at System.Collections.Generic.Dictionary`2[TKey,TValue].TryGetValue (TKey key, TValue& value) [0x00000] in <eae584ce26bc40229c1b1aa476bfa589>:0 
  at SDG.Framework.IO.FormattedFiles.KeyValueTables.KeyValueTableReader.readDictionary (System.IO.StreamReader input, System.Collections.Generic.Dictionary`2[TKey,TValue] scope) [0x000fe] in <46c02ba799bc45339b988c80e129c3b1>:0 
  at SDG.Framework.IO.FormattedFiles.KeyValueTables.KeyValueTableReader..ctor (System.IO.StreamReader input) [0x00019] in <46c02ba799bc45339b988c80e129c3b1>:0 
  at SDG.Framework.IO.FormattedFiles.KeyValueTables.KeyValueTableReader.readDictionary (System.IO.StreamReader input, System.Collections.Generic.Dictionary`2[TKey,TValue] scope) [0x00124] in <46c02ba799bc45339b988c80e129c3b1>:0 
  at SDG.Framework.IO.FormattedFiles.KeyValueTables.KeyValueTableReader..ctor (System.IO.StreamReader input) [0x00019] in <46c02ba799bc45339b988c80e129c3b1>:0 
  at SDG.Unturned.Assets.loadFile (SDG.Unturned.Assets+ScannedFileInfo file) [0x0002f] in <46c02ba799bc45339b988c80e129c3b1>:0 
[08/21/2021 00:50:17] [Info] Installed workshop item: 2365700338
[08/21/2021 00:50:17] [Info] Loading level: 8%
[08/21/2021 00:50:19] [Info] Loading level: 16%
[08/21/2021 00:50:21] [Info] Loading level: 25%
[08/21/2021 00:50:21] [Info] Loading level: 33%
[08/21/2021 00:50:21] [Info] Loading level: 41%
[08/21/2021 00:50:21] [Info] Loading level: 50%
[08/21/2021 00:50:21] [Info] Loading level: 58%
[08/21/2021 00:50:21] [Info] Loading level: 66%
[08/21/2021 00:50:21] [Info] Loading level: 75%
[08/21/2021 00:50:21] [Info] Loading level: 83%
[08/21/2021 00:50:21] [Info] Loading level: 91%
[08/21/2021 00:50:21] [Info] Loading level: 100%
[08/21/2021 00:50:33] [Error] Failed to generate an item with ID 36111 from type Fire [6]
[08/21/2021 00:50:33] [Error] Failed to generate an item with ID 36111 from type Fire [6]
[08/21/2021 00:50:33] [Error] Failed to generate an item with ID 36112 from type Fire [6]
[08/21/2021 01:08:56] [Error] Failed to generate an item with ID 36114 from type Fire [6]
[08/21/2021 01:08:56] [Error] Failed to generate an item with ID 36110 from type Fire [6]
[08/21/2021 01:08:56] [Error] Failed to generate an item with ID 36110 from type Fire [6]
[08/21/2021 01:08:56] [Error] Failed to generate an item with ID 36110 from type Fire [6]
[08/21/2021 01:08:56] [Error] Failed to generate an item with ID 36111 from type Fire [6]
[08/21/2021 01:08:56] [Error] Failed to generate an item with ID 36111 from type Fire [6]
[08/21/2021 01:08:56] [Error] Failed to generate an item with ID 36821 from type Fire [6]
[08/21/2021 01:08:56] [Error] Failed to generate an item with ID 36113 from type Fire [6]
[08/21/2021 01:08:56] [Error] Failed to respawn an item with ID 36112 from type Fire [6]
[08/21/2021 01:08:56] [Error] Failed to respawn an item with ID 36821 from type Fire [6]
[08/21/2021 01:08:56] [Error] Failed to respawn an item with ID 36112 from type Fire [6]
[08/21/2021 01:08:57] [Error] Failed to respawn an item with ID 36113 from type Fire [6]
[08/21/2021 01:08:57] [Error] Failed to respawn an item with ID 36111 from type Fire [6]
[08/21/2021 01:08:57] [Error] Failed to respawn an item with ID 36821 from type Fire [6]
[08/21/2021 01:08:58] [Error] Failed to respawn an item with ID 36111 from type Fire [6]
[08/21/2021 01:08:58] [Error] Failed to respawn an item with ID 36115 from type Fire [6]
[08/21/2021 01:08:58] [Error] Failed to respawn an item with ID 36821 from type Fire [6]
[08/21/2021 01:15:36] [Error] Failed to respawn an item with ID 36110 from type Fire [6]
[08/21/2021 01:19:37] [Info] Saving server
[08/21/2021 01:25:36] [Error] Failed to respawn an item with ID 36820 from type Fire [6]
[08/21/2021 01:25:37] [Error] Failed to respawn an item with ID 36820 from type Fire [6]
[08/21/2021 01:25:37] [Error] Failed to respawn an item with ID 36114 from type Fire [6]
[08/21/2021 01:27:18] [Error] Failed to respawn an item with ID 36821 from type Fire [6]
[08/21/2021 01:32:18] [Error] Failed to respawn an item with ID 36115 from type Fire [6]
[08/21/2021 01:32:18] [Error] Failed to respawn an item with ID 36114 from type Fire [6]
[08/21/2021 01:33:57] [Error] Failed to respawn an item with ID 36114 from type Fire [6]
[08/21/2021 01:35:37] [Error] Failed to respawn an item with ID 36117 from type Fire [6]
[08/21/2021 01:35:38] [Error] Failed to respawn an item with ID 36116 from type Fire [6]
[08/21/2021 01:35:38] [Error] Failed to respawn an item with ID 36821 from type Fire [6]
[08/21/2021 01:45:37] [Error] Failed to respawn an item with ID 36821 from type Fire [6]
[08/21/2021 01:49:37] [Info] Saving server
[08/21/2021 01:52:18] [Error] Failed to respawn an item with ID 36111 from type Fire [6]
[08/21/2021 02:02:18] [Error] Failed to respawn an item with ID 36115 from type Fire [6]
[08/21/2021 02:02:18] [Error] Failed to respawn an item with ID 36115 from type Fire [6]
[08/21/2021 02:05:42] [Error] Failed to respawn an item with ID 36115 from type Fire [6]
[08/21/2021 02:12:12] [Info] Lost connection to Steam servers because k_EResultNoConnection
[08/21/2021 02:12:17] [Error] Failed to respawn an item with ID 36114 from type Fire [6]
[08/21/2021 02:12:18] [Error] Failed to respawn an item with ID 36114 from type Fire [6]
[08/21/2021 02:15:37] [Error] Failed to respawn an item with ID 36821 from type Fire [6]
[08/21/2021 02:15:38] [Error] Failed to respawn an item with ID 36110 from type Fire [6]
[08/21/2021 02:19:37] [Info] Saving server
[08/21/2021 02:24:04] [Error] Failed to respawn an item with ID 36820 from type Fire [6]
[08/21/2021 02:25:38] [Error] Failed to respawn an item with ID 36820 from type Fire [6]
[08/21/2021 02:28:57] [Error] Failed to respawn an item with ID 36820 from type Fire [6]
[08/21/2021 02:28:58] [Error] Failed to respawn an item with ID 36115 from type Fire [6]
[08/21/2021 02:32:18] [Error] Failed to respawn an item with ID 36113 from type Fire [6]
[08/21/2021 02:32:18] [Error] Failed to respawn an item with ID 36115 from type Fire [6]
[08/21/2021 02:38:58] [Error] Failed to respawn an item with ID 36115 from type Fire [6]
[08/21/2021 02:42:18] [Error] Failed to respawn an item with ID 36820 from type Fire [6]
[08/21/2021 02:42:18] [Error] Failed to respawn an item with ID 36114 from type Fire [6]
[08/21/2021 02:45:38] [Error] Failed to respawn an item with ID 36117 from type Fire [6]
[08/21/2021 02:45:38] [Error] Failed to respawn an item with ID 36110 from type Fire [6]
[08/21/2021 02:45:38] [Error] Failed to respawn an item with ID 36111 from type Fire [6]
[08/21/2021 02:45:41] [Error] Failed to respawn an item with ID 36111 from type Fire [6]
[08/21/2021 02:48:57] [Error] Failed to respawn an item with ID 36115 from type Fire [6]
[08/21/2021 02:49:37] [Info] Saving server
[08/21/2021 02:50:37] [Error] Failed to respawn an item with ID 36111 from type Fire [6]
[08/21/2021 02:52:18] [Error] Failed to respawn an item with ID 36112 from type Fire [6]
[08/21/2021 02:55:38] [Error] Failed to respawn an item with ID 36821 from type Fire [6]
[08/21/2021 02:59:01] [Error] Failed to respawn an item with ID 36114 from type Fire [6]
[08/21/2021 03:02:18] [Error] Failed to respawn an item with ID 36111 from type Fire [6]
[08/21/2021 03:12:18] [Error] Failed to respawn an item with ID 36117 from type Fire [6]
[08/21/2021 03:12:18] [Error] Failed to respawn an item with ID 36821 from type Fire [6]
[08/21/2021 03:12:18] [Error] Failed to respawn an item with ID 36820 from type Fire [6]
[08/21/2021 03:15:38] [Error] Failed to respawn an item with ID 36116 from type Fire [6]
[08/21/2021 03:18:58] [Error] Failed to respawn an item with ID 36821 from type Fire [6]
[08/21/2021 03:19:37] [Info] Saving server
[08/21/2021 03:20:38] [Error] Failed to respawn an item with ID 36112 from type Fire [6]
[08/21/2021 03:22:18] [Error] Failed to respawn an item with ID 36820 from type Fire [6]
[08/21/2021 03:24:10] [Error] Failed to respawn an item with ID 36114 from type Fire [6]
[08/21/2021 03:25:37] [Error] Failed to respawn an item with ID 36820 from type Fire [6]
[08/21/2021 03:25:38] [Error] Failed to respawn an item with ID 36113 from type Fire [6]
[08/21/2021 03:25:38] [Error] Failed to respawn an item with ID 36114 from type Fire [6]
[08/21/2021 03:28:58] [Error] Failed to respawn an item with ID 36113 from type Fire [6]
[08/21/2021 03:28:58] [Error] Failed to respawn an item with ID 36112 from type Fire [6]
[08/21/2021 03:32:17] [Error] Failed to respawn an item with ID 36115 from type Fire [6]
[08/21/2021 03:32:19] [Error] Failed to respawn an item with ID 36821 from type Fire [6]
[08/21/2021 03:35:39] [Error] Failed to respawn an item with ID 36821 from type Fire [6]
[08/21/2021 03:42:18] [Error] Failed to respawn an item with ID 36117 from type Fire [6]
[08/21/2021 03:45:38] [Error] Failed to respawn an item with ID 36820 from type Fire [6]
[08/21/2021 03:45:39] [Error] Failed to respawn an item with ID 36111 from type Fire [6]
[08/21/2021 03:48:57] [Error] Failed to respawn an item with ID 36110 from type Fire [6]
[08/21/2021 03:48:58] [Error] Failed to respawn an item with ID 36116 from type Fire [6]
[08/21/2021 03:48:58] [Error] Failed to respawn an item with ID 36116 from type Fire [6]
[08/21/2021 03:48:58] [Error] Failed to respawn an item with ID 36116 from type Fire [6]
[08/21/2021 03:49:37] [Info] Saving server
[08/21/2021 03:52:18] [Error] Failed to respawn an item with ID 36112 from type Fire [6]
[08/21/2021 03:52:30] [Error] Failed to respawn an item with ID 36114 from type Fire [6]
[08/21/2021 03:55:38] [Error] Failed to respawn an item with ID 36820 from type Fire [6]
[08/21/2021 03:55:39] [Error] Failed to respawn an item with ID 36821 from type Fire [6]
[08/21/2021 04:02:18] [Error] Failed to respawn an item with ID 36821 from type Fire [6]
[08/21/2021 04:02:18] [Error] Failed to respawn an item with ID 36821 from type Fire [6]
[08/21/2021 04:02:18] [Error] Failed to respawn an item with ID 36111 from type Fire [6]
[08/21/2021 04:02:19] [Error] Failed to respawn an item with ID 36110 from type Fire [6]
[08/21/2021 04:05:39] [Error] Failed to respawn an item with ID 36114 from type Fire [6]
[08/21/2021 04:05:39] [Error] Failed to respawn an item with ID 36113 from type Fire [6]
[08/21/2021 04:08:58] [Error] Failed to respawn an item with ID 36116 from type Fire [6]
[08/21/2021 04:08:59] [Error] Failed to respawn an item with ID 36117 from type Fire [6]
[08/21/2021 04:08:59] [Error] Failed to respawn an item with ID 36820 from type Fire [6]
[08/21/2021 04:10:51] [Error] Failed to respawn an item with ID 36112 from type Fire [6]
[08/21/2021 04:12:18] [Error] Failed to respawn an item with ID 36112 from type Fire [6]
[08/21/2021 04:12:19] [Error] Failed to respawn an item with ID 36114 from type Fire [6]
[08/21/2021 04:15:37] [Error] Failed to respawn an item with ID 36821 from type Fire [6]
[08/21/2021 04:15:39] [Error] Failed to respawn an item with ID 36111 from type Fire [6]
[08/21/2021 04:15:39] [Error] Failed to respawn an item with ID 36820 from type Fire [6]
[08/21/2021 04:18:58] [Error] Failed to respawn an item with ID 36113 from type Fire [6]
[08/21/2021 04:19:37] [Info] Saving server
[08/21/2021 04:22:19] [Error] Failed to respawn an item with ID 36117 from type Fire [6]
[08/21/2021 04:22:19] [Error] Failed to respawn an item with ID 36113 from type Fire [6]
[08/21/2021 04:22:22] [Error] Failed to respawn an item with ID 36821 from type Fire [6]
[08/21/2021 04:30:41] [Error] Failed to respawn an item with ID 36820 from type Fire [6]
[08/21/2021 04:32:19] [Error] Failed to respawn an item with ID 36111 from type Fire [6]
[08/21/2021 04:42:18] [Error] Failed to respawn an item with ID 36115 from type Fire [6]
[08/21/2021 04:42:36] [Error] Failed to respawn an item with ID 36110 from type Fire [6]
[08/21/2021 04:48:59] [Error] Failed to respawn an item with ID 36113 from type Fire [6]
[08/21/2021 04:48:59] [Error] Failed to respawn an item with ID 36116 from type Fire [6]
[08/21/2021 04:49:00] [Error] Failed to respawn an item with ID 36115 from type Fire [6]
[08/21/2021 04:49:37] [Info] Saving server
[08/21/2021 04:55:39] [Error] Failed to respawn an item with ID 36113 from type Fire [6]
[08/21/2021 04:55:39] [Error] Failed to respawn an item with ID 36821 from type Fire [6]
[08/21/2021 04:58:59] [Error] Failed to respawn an item with ID 36821 from type Fire [6]
[08/21/2021 04:58:59] [Error] Failed to respawn an item with ID 36820 from type Fire [6]
[08/21/2021 05:02:18] [Error] Failed to respawn an item with ID 36112 from type Fire [6]
[08/21/2021 05:02:19] [Error] Failed to respawn an item with ID 36117 from type Fire [6]
[08/21/2021 05:02:19] [Error] Failed to respawn an item with ID 36114 from type Fire [6]
[08/21/2021 05:05:40] [Error] Failed to respawn an item with ID 36111 from type Fire [6]
[08/21/2021 05:05:55] [Error] Failed to respawn an item with ID 36820 from type Fire [6]
[08/21/2021 05:08:58] [Error] Failed to respawn an item with ID 36111 from type Fire [6]
[08/21/2021 05:08:59] [Error] Failed to respawn an item with ID 36117 from type Fire [6]
[08/21/2021 05:12:19] [Error] Failed to respawn an item with ID 36112 from type Fire [6]
[08/21/2021 05:15:38] [Error] Failed to respawn an item with ID 36113 from type Fire [6]
[08/21/2021 05:19:02] [Error] Failed to respawn an item with ID 36114 from type Fire [6]
[08/21/2021 05:19:37] [Info] Saving server
[08/21/2021 05:22:19] [Error] Failed to respawn an item with ID 36113 from type Fire [6]
[08/21/2021 05:22:22] [Error] Failed to respawn an item with ID 36114 from type Fire [6]
[08/21/2021 05:22:22] [Error] Failed to respawn an item with ID 36110 from type Fire [6]
[08/21/2021 05:24:04] [Error] Failed to respawn an item with ID 36820 from type Fire [6]
[08/21/2021 05:27:36] [Error] Failed to respawn an item with ID 36113 from type Fire [6]
[08/21/2021 05:28:58] [Error] Failed to respawn an item with ID 36113 from type Fire [6]
[08/21/2021 05:28:59] [Error] Failed to respawn an item with ID 36821 from type Fire [6]
[08/21/2021 05:29:00] [Error] Failed to respawn an item with ID 36115 from type Fire [6]
[08/21/2021 05:29:02] [Error] Failed to respawn an item with ID 36821 from type Fire [6]
[08/21/2021 05:32:20] [Error] Failed to respawn an item with ID 36115 from type Fire [6]
[08/21/2021 05:35:39] [Error] Failed to respawn an item with ID 36112 from type Fire [6]
[08/21/2021 05:38:59] [Error] Failed to respawn an item with ID 36111 from type Fire [6]
[08/21/2021 05:39:02] [Error] Failed to respawn an item with ID 36117 from type Fire [6]
[08/21/2021 05:42:19] [Error] Failed to respawn an item with ID 36820 from type Fire [6]
[08/21/2021 05:45:58] [Error] Failed to respawn an item with ID 36110 from type Fire [6]
[08/21/2021 05:48:59] [Error] Failed to respawn an item with ID 36112 from type Fire [6]
[08/21/2021 05:49:37] [Info] Saving server
[08/21/2021 05:52:19] [Error] Failed to respawn an item with ID 36820 from type Fire [6]
[08/21/2021 06:05:40] [Error] Failed to respawn an item with ID 36112 from type Fire [6]
[08/21/2021 06:08:59] [Error] Failed to respawn an item with ID 36111 from type Fire [6]
[08/21/2021 06:19:00] [Error] Failed to respawn an item with ID 36116 from type Fire [6]
[08/21/2021 06:19:00] [Error] Failed to respawn an item with ID 36117 from type Fire [6]
[08/21/2021 06:19:37] [Info] Saving server
[08/21/2021 06:25:38] [Error] Failed to respawn an item with ID 36115 from type Fire [6]
[08/21/2021 06:25:40] [Error] Failed to respawn an item with ID 36820 from type Fire [6]
[08/21/2021 06:35:40] [Error] Failed to respawn an item with ID 36115 from type Fire [6]
[08/21/2021 06:35:40] [Error] Failed to respawn an item with ID 36820 from type Fire [6]
[08/21/2021 06:37:41] [Error] Failed to respawn an item with ID 36114 from type Fire [6]
[08/21/2021 06:39:00] [Error] Failed to respawn an item with ID 36112 from type Fire [6]
[08/21/2021 06:42:18] [Error] Failed to respawn an item with ID 36820 from type Fire [6]
[08/21/2021 06:42:20] [Error] Failed to respawn an item with ID 36114 from type Fire [6]
[08/21/2021 06:45:40] [Error] Failed to respawn an item with ID 36111 from type Fire [6]
[08/21/2021 06:45:40] [Error] Failed to respawn an item with ID 36821 from type Fire [6]
[08/21/2021 06:47:28] [Error] Failed to respawn an item with ID 36114 from type Fire [6]
[08/21/2021 06:49:37] [Info] Saving server
[08/21/2021 06:52:18] [Error] Failed to respawn an item with ID 36116 from type Fire [6]
[08/21/2021 06:52:19] [Error] Failed to respawn an item with ID 36820 from type Fire [6]
[08/21/2021 06:52:20] [Error] Failed to respawn an item with ID 36110 from type Fire [6]
[08/21/2021 06:55:40] [Error] Failed to respawn an item with ID 36821 from type Fire [6]
[08/21/2021 06:59:00] [Error] Failed to respawn an item with ID 36821 from type Fire [6]
[08/21/2021 07:05:40] [Error] Failed to respawn an item with ID 36116 from type Fire [6]
[08/21/2021 07:05:41] [Error] Failed to respawn an item with ID 36115 from type Fire [6]
[08/21/2021 07:08:58] [Error] Failed to respawn an item with ID 36117 from type Fire [6]
[08/21/2021 07:09:01] [Error] Failed to respawn an item with ID 36820 from type Fire [6]
[08/21/2021 07:12:20] [Error] Failed to respawn an item with ID 36116 from type Fire [6]
[08/21/2021 07:12:20] [Error] Failed to respawn an item with ID 36821 from type Fire [6]
[08/21/2021 07:12:21] [Error] Failed to respawn an item with ID 36112 from type Fire [6]
[08/21/2021 07:15:40] [Error] Failed to respawn an item with ID 36117 from type Fire [6]
[08/21/2021 07:17:44] [Error] Failed to respawn an item with ID 36821 from type Fire [6]
[08/21/2021 07:19:37] [Info] Saving server
[08/21/2021 07:22:20] [Error] Failed to respawn an item with ID 36820 from type Fire [6]
[08/21/2021 07:29:00] [Error] Failed to respawn an item with ID 36115 from type Fire [6]
[08/21/2021 07:29:00] [Error] Failed to respawn an item with ID 36115 from type Fire [6]
[08/21/2021 07:39:00] [Error] Failed to respawn an item with ID 36110 from type Fire [6]
[08/21/2021 07:39:00] [Error] Failed to respawn an item with ID 36111 from type Fire [6]
[08/21/2021 07:42:20] [Error] Failed to respawn an item with ID 36114 from type Fire [6]
[08/21/2021 07:42:21] [Error] Failed to respawn an item with ID 36116 from type Fire [6]
[08/21/2021 07:46:13] [Error] Failed to respawn an item with ID 36820 from type Fire [6]
[08/21/2021 07:47:23] [Error] Failed to respawn an item with ID 36117 from type Fire [6]
[08/21/2021 07:49:00] [Error] Failed to respawn an item with ID 36820 from type Fire [6]
[08/21/2021 07:49:37] [Info] Saving server
[08/21/2021 07:55:40] [Error] Failed to respawn an item with ID 36113 from type Fire [6]
[08/21/2021 07:57:25] [Error] Failed to respawn an item with ID 36821 from type Fire [6]
[08/21/2021 07:57:28] [Error] Failed to respawn an item with ID 36821 from type Fire [6]
[08/21/2021 07:59:00] [Error] Failed to respawn an item with ID 36820 from type Fire [6]
[08/21/2021 08:07:28] [Error] Failed to respawn an item with ID 36112 from type Fire [6]
[08/21/2021 08:09:00] [Error] Failed to respawn an item with ID 36820 from type Fire [6]
[08/21/2021 08:12:20] [Error] Failed to respawn an item with ID 36116 from type Fire [6]
[08/21/2021 08:15:40] [Error] Failed to respawn an item with ID 36117 from type Fire [6]
[08/21/2021 08:15:40] [Error] Failed to respawn an item with ID 36820 from type Fire [6]
[08/21/2021 08:15:40] [Error] Failed to respawn an item with ID 36820 from type Fire [6]
[08/21/2021 08:16:09] [Error] Failed to respawn an item with ID 36110 from type Fire [6]
[08/21/2021 08:19:37] [Info] Saving server
[08/21/2021 08:22:20] [Error] Failed to respawn an item with ID 36110 from type Fire [6]
[08/21/2021 08:22:20] [Error] Failed to respawn an item with ID 36114 from type Fire [6]
[08/21/2021 08:29:00] [Error] Failed to respawn an item with ID 36111 from type Fire [6]
[08/21/2021 08:29:00] [Error] Failed to respawn an item with ID 36116 from type Fire [6]
[08/21/2021 08:29:00] [Error] Failed to respawn an item with ID 36110 from type Fire [6]
[08/21/2021 08:29:00] [Error] Failed to respawn an item with ID 36111 from type Fire [6]
[08/21/2021 08:34:37] [Error] Failed to respawn an item with ID 36116 from type Fire [6]
[08/21/2021 08:35:40] [Error] Failed to respawn an item with ID 36115 from type Fire [6]
[08/21/2021 08:35:40] [Error] Failed to respawn an item with ID 36820 from type Fire [6]
[08/21/2021 08:35:40] [Error] Failed to respawn an item with ID 36114 from type Fire [6]
[08/21/2021 08:39:00] [Error] Failed to respawn an item with ID 36111 from type Fire [6]
[08/21/2021 08:42:19] [Error] Failed to respawn an item with ID 36112 from type Fire [6]
[08/21/2021 08:49:00] [Error] Failed to respawn an item with ID 36116 from type Fire [6]
[08/21/2021 08:49:37] [Info] Saving server
[08/21/2021 08:52:21] [Error] Failed to respawn an item with ID 36111 from type Fire [6]
[08/21/2021 08:52:22] [Error] Failed to respawn an item with ID 36821 from type Fire [6]
[08/21/2021 08:52:52] [Error] Failed to respawn an item with ID 36112 from type Fire [6]
[08/21/2021 08:55:39] [Error] Failed to respawn an item with ID 36111 from type Fire [6]
[08/21/2021 08:55:41] [Error] Failed to respawn an item with ID 36117 from type Fire [6]
[08/21/2021 08:59:01] [Error] Failed to respawn an item with ID 36115 from type Fire [6]
[08/21/2021 08:59:02] [Error] Failed to respawn an item with ID 36820 from type Fire [6]
[08/21/2021 09:05:39] [Error] Failed to respawn an item with ID 36116 from type Fire [6]
[08/21/2021 09:09:01] [Error] Failed to respawn an item with ID 36820 from type Fire [6]
[08/21/2021 09:12:21] [Error] Failed to respawn an item with ID 36111 from type Fire [6]
[08/21/2021 09:15:40] [Error] Failed to respawn an item with ID 36114 from type Fire [6]
[08/21/2021 09:15:40] [Error] Failed to respawn an item with ID 36117 from type Fire [6]
[08/21/2021 09:19:01] [Error] Failed to respawn an item with ID 36820 from type Fire [6]
[08/21/2021 09:19:02] [Error] Failed to respawn an item with ID 36111 from type Fire [6]
[08/21/2021 09:19:37] [Info] Saving server
[08/21/2021 09:22:21] [Error] Failed to respawn an item with ID 36820 from type Fire [6]
[08/21/2021 09:22:21] [Error] Failed to respawn an item with ID 36114 from type Fire [6]
[08/21/2021 09:25:41] [Error] Failed to respawn an item with ID 36115 from type Fire [6]
[08/21/2021 09:32:21] [Error] Failed to respawn an item with ID 36821 from type Fire [6]
[08/21/2021 09:35:43] [Error] Failed to respawn an item with ID 36110 from type Fire [6]
[08/21/2021 09:36:14] [Error] Failed to respawn an item with ID 36114 from type Fire [6]
[08/21/2021 09:42:20] [Error] Failed to respawn an item with ID 36821 from type Fire [6]
[08/21/2021 09:45:41] [Error] Failed to respawn an item with ID 36820 from type Fire [6]
[08/21/2021 09:49:37] [Info] Saving server
[08/21/2021 09:52:19] [Error] Failed to respawn an item with ID 36821 from type Fire [6]
[08/21/2021 09:52:21] [Error] Failed to respawn an item with ID 36117 from type Fire [6]
[08/21/2021 09:55:41] [Error] Failed to respawn an item with ID 36117 from type Fire [6]
[08/21/2021 09:55:41] [Error] Failed to respawn an item with ID 36111 from type Fire [6]
[08/21/2021 09:57:26] [Error] Failed to respawn an item with ID 36116 from type Fire [6]
[08/21/2021 09:58:59] [Error] Failed to respawn an item with ID 36111 from type Fire [6]
[08/21/2021 10:02:21] [Error] Failed to respawn an item with ID 36110 from type Fire [6]
[08/21/2021 10:08:59] [Error] Failed to respawn an item with ID 36820 from type Fire [6]
[08/21/2021 10:09:01] [Error] Failed to respawn an item with ID 36820 from type Fire [6]
[08/21/2021 10:12:21] [Error] Failed to respawn an item with ID 36114 from type Fire [6]
[08/21/2021 10:15:52] [Error] Failed to respawn an item with ID 36110 from type Fire [6]
[08/21/2021 10:19:01] [Error] Failed to respawn an item with ID 36112 from type Fire [6]
[08/21/2021 10:19:01] [Error] Failed to respawn an item with ID 36111 from type Fire [6]
[08/21/2021 10:19:08] [Error] Failed to respawn an item with ID 36110 from type Fire [6]
[08/21/2021 10:19:12] [Error] Failed to respawn an item with ID 36112 from type Fire [6]
[08/21/2021 10:19:37] [Info] Saving server
[08/21/2021 10:22:21] [Error] Failed to respawn an item with ID 36110 from type Fire [6]
[08/21/2021 10:22:23] [Error] Failed to respawn an item with ID 36110 from type Fire [6]
[08/21/2021 10:25:41] [Error] Failed to respawn an item with ID 36820 from type Fire [6]
[08/21/2021 10:29:00] [Error] Failed to respawn an item with ID 36821 from type Fire [6]
[08/21/2021 10:29:00] [Error] Failed to respawn an item with ID 36113 from type Fire [6]
[08/21/2021 10:29:01] [Error] Failed to respawn an item with ID 36116 from type Fire [6]
[08/21/2021 10:32:21] [Error] Failed to respawn an item with ID 36821 from type Fire [6]
[08/21/2021 10:32:28] [Error] Failed to respawn an item with ID 36117 from type Fire [6]
[08/21/2021 10:35:40] [Error] Failed to respawn an item with ID 36821 from type Fire [6]
[08/21/2021 10:35:41] [Error] Failed to respawn an item with ID 36116 from type Fire [6]
[08/21/2021 10:35:41] [Error] Failed to respawn an item with ID 36821 from type Fire [6]
[08/21/2021 10:39:01] [Error] Failed to respawn an item with ID 36112 from type Fire [6]
[08/21/2021 10:39:01] [Error] Failed to respawn an item with ID 36114 from type Fire [6]
[08/21/2021 10:39:01] [Error] Failed to respawn an item with ID 36117 from type Fire [6]
[08/21/2021 10:49:37] [Info] Saving server
[08/21/2021 10:52:20] [Error] Failed to respawn an item with ID 36111 from type Fire [6]
[08/21/2021 10:52:21] [Error] Failed to respawn an item with ID 36117 from type Fire [6]
[08/21/2021 10:52:21] [Error] Failed to respawn an item with ID 36117 from type Fire [6]
[08/21/2021 10:55:41] [Error] Failed to respawn an item with ID 36117 from type Fire [6]
[08/21/2021 10:56:29] [Error] Failed to respawn an item with ID 36117 from type Fire [6]
[08/21/2021 10:59:00] [Error] Failed to respawn an item with ID 36115 from type Fire [6]
[08/21/2021 10:59:01] [Error] Failed to respawn an item with ID 36117 from type Fire [6]
[08/21/2021 11:02:21] [Error] Failed to respawn an item with ID 36113 from type Fire [6]
[08/21/2021 11:05:41] [Error] Failed to respawn an item with ID 36116 from type Fire [6]
[08/21/2021 11:05:41] [Error] Failed to respawn an item with ID 36821 from type Fire [6]
[08/21/2021 11:09:02] [Error] Failed to respawn an item with ID 36112 from type Fire [6]
[08/21/2021 11:09:42] [Error] Failed to respawn an item with ID 36117 from type Fire [6]
[08/21/2021 11:12:21] [Error] Failed to respawn an item with ID 36115 from type Fire [6]
[08/21/2021 11:12:21] [Error] Failed to respawn an item with ID 36112 from type Fire [6]
[08/21/2021 11:12:21] [Error] Failed to respawn an item with ID 36821 from type Fire [6]
[08/21/2021 11:14:51] [Error] Failed to respawn an item with ID 36821 from type Fire [6]
[08/21/2021 11:15:41] [Error] Failed to respawn an item with ID 36113 from type Fire [6]
[08/21/2021 11:15:41] [Error] Failed to respawn an item with ID 36111 from type Fire [6]
[08/21/2021 11:15:42] [Error] Failed to respawn an item with ID 36112 from type Fire [6]
[08/21/2021 11:15:42] [Error] Failed to respawn an item with ID 36116 from type Fire [6]
[08/21/2021 11:15:42] [Error] Failed to respawn an item with ID 36116 from type Fire [6]
[08/21/2021 11:19:37] [Info] Saving server
[08/21/2021 11:22:22] [Error] Failed to respawn an item with ID 36110 from type Fire [6]
[08/21/2021 11:22:22] [Error] Failed to respawn an item with ID 36114 from type Fire [6]
[08/21/2021 11:22:22] [Error] Failed to respawn an item with ID 36821 from type Fire [6]
[08/21/2021 11:25:41] [Error] Failed to respawn an item with ID 36117 from type Fire [6]
[08/21/2021 11:25:42] [Error] Failed to respawn an item with ID 36113 from type Fire [6]
[08/21/2021 11:29:01] [Error] Failed to respawn an item with ID 36110 from type Fire [6]
[08/21/2021 11:32:21] [Error] Failed to respawn an item with ID 36111 from type Fire [6]
[08/21/2021 11:32:21] [Error] Failed to respawn an item with ID 36115 from type Fire [6]
[08/21/2021 11:35:42] [Error] Failed to respawn an item with ID 36112 from type Fire [6]
[08/21/2021 11:35:42] [Error] Failed to respawn an item with ID 36110 from type Fire [6]
[08/21/2021 11:35:42] [Error] Failed to respawn an item with ID 36821 from type Fire [6]
[08/21/2021 11:40:49] [Error] Failed to respawn an item with ID 36115 from type Fire [6]
[08/21/2021 11:40:54] [Error] Failed to respawn an item with ID 36114 from type Fire [6]
[08/21/2021 11:44:09] [Error] Failed to respawn an item with ID 36113 from type Fire [6]
[08/21/2021 11:45:41] [Error] Failed to respawn an item with ID 36821 from type Fire [6]
[08/21/2021 11:49:37] [Info] Saving server
[08/21/2021 11:52:20] [Error] Failed to respawn an item with ID 36111 from type Fire [6]
[08/21/2021 11:52:20] [Error] Failed to respawn an item with ID 36821 from type Fire [6]
[08/21/2021 11:55:42] [Error] Failed to respawn an item with ID 36117 from type Fire [6]
[08/21/2021 12:02:22] [Error] Failed to respawn an item with ID 36113 from type Fire [6]
[08/21/2021 12:09:02] [Error] Failed to respawn an item with ID 36821 from type Fire [6]
[08/21/2021 12:12:22] [Error] Failed to respawn an item with ID 36114 from type Fire [6]
[08/21/2021 12:12:22] [Error] Failed to respawn an item with ID 36116 from type Fire [6]
[08/21/2021 12:12:22] [Error] Failed to respawn an item with ID 36116 from type Fire [6]
[08/21/2021 12:12:24] [Error] Failed to respawn an item with ID 36821 from type Fire [6]
[08/21/2021 12:15:40] [Error] Failed to respawn an item with ID 36821 from type Fire [6]
[08/21/2021 12:15:42] [Error] Failed to respawn an item with ID 36112 from type Fire [6]
[08/21/2021 12:15:42] [Error] Failed to respawn an item with ID 36112 from type Fire [6]
[08/21/2021 12:19:02] [Error] Failed to respawn an item with ID 36116 from type Fire [6]
[08/21/2021 12:19:37] [Info] Saving server
[08/21/2021 12:22:20] [Error] Failed to respawn an item with ID 36820 from type Fire [6]
[08/21/2021 12:22:21] [Error] Failed to respawn an item with ID 36115 from type Fire [6]
[08/21/2021 12:22:21] [Error] Failed to respawn an item with ID 36112 from type Fire [6]
[08/21/2021 12:22:21] [Error] Failed to respawn an item with ID 36114 from type Fire [6]
[08/21/2021 12:27:35] [Error] Failed to respawn an item with ID 36114 from type Fire [6]
[08/21/2021 12:29:04] [Error] Failed to respawn an item with ID 36113 from type Fire [6]
[08/21/2021 12:35:40] [Error] Failed to respawn an item with ID 36114 from type Fire [6]
[08/21/2021 12:42:22] [Error] Failed to respawn an item with ID 36820 from type Fire [6]
[08/21/2021 12:43:22] [Error] Failed to respawn an item with ID 36821 from type Fire [6]
[08/21/2021 12:49:00] [Error] Failed to respawn an item with ID 36114 from type Fire [6]
[08/21/2021 12:49:02] [Error] Failed to respawn an item with ID 36821 from type Fire [6]
[08/21/2021 12:49:37] [Info] Saving server
[08/21/2021 12:52:22] [Error] Failed to respawn an item with ID 36115 from type Fire [6]
[08/21/2021 12:54:10] [Error] Failed to respawn an item with ID 36116 from type Fire [6]
[08/21/2021 12:59:02] [Error] Failed to respawn an item with ID 36111 from type Fire [6]
[08/21/2021 13:00:47] [Error] Failed to respawn an item with ID 36114 from type Fire [6]
[08/21/2021 13:02:22] [Error] Failed to respawn an item with ID 36116 from type Fire [6]
[08/21/2021 13:05:40] [Error] Failed to respawn an item with ID 36821 from type Fire [6]
[08/21/2021 13:05:42] [Error] Failed to respawn an item with ID 36117 from type Fire [6]
[08/21/2021 13:08:21] [Error] Failed to respawn an item with ID 36117 from type Fire [6]
[08/21/2021 13:12:22] [Error] Failed to respawn an item with ID 36820 from type Fire [6]
[08/21/2021 13:15:42] [Error] Failed to respawn an item with ID 36820 from type Fire [6]
[08/21/2021 13:15:42] [Error] Failed to respawn an item with ID 36116 from type Fire [6]
[08/21/2021 13:19:01] [Error] Failed to respawn an item with ID 36820 from type Fire [6]
[08/21/2021 13:19:02] [Error] Failed to respawn an item with ID 36820 from type Fire [6]
[08/21/2021 13:19:02] [Error] Failed to respawn an item with ID 36113 from type Fire [6]
[08/21/2021 13:19:37] [Info] Saving server
[08/21/2021 13:22:22] [Error] Failed to respawn an item with ID 36820 from type Fire [6]
[08/21/2021 13:22:25] [Error] Failed to respawn an item with ID 36821 from type Fire [6]
[08/21/2021 13:29:02] [Error] Failed to respawn an item with ID 36114 from type Fire [6]
[08/21/2021 13:29:02] [Error] Failed to respawn an item with ID 36117 from type Fire [6]
[08/21/2021 13:31:45] [Error] Failed to respawn an item with ID 36112 from type Fire [6]
[08/21/2021 13:35:43] [Error] Failed to respawn an item with ID 36114 from type Fire [6]
[08/21/2021 13:39:02] [Error] Failed to respawn an item with ID 36115 from type Fire [6]
[08/21/2021 13:39:02] [Error] Failed to respawn an item with ID 36112 from type Fire [6]
[08/21/2021 13:39:02] [Error] Failed to respawn an item with ID 36821 from type Fire [6]
[08/21/2021 13:41:43] [Error] Failed to respawn an item with ID 36820 from type Fire [6]
[08/21/2021 13:42:22] [Error] Failed to respawn an item with ID 36112 from type Fire [6]
[08/21/2021 13:42:23] [Error] Failed to respawn an item with ID 36112 from type Fire [6]
[08/21/2021 13:42:23] [Error] Failed to respawn an item with ID 36116 from type Fire [6]
[08/21/2021 13:44:11] [Error] Failed to respawn an item with ID 36114 from type Fire [6]
[08/21/2021 13:45:42] [Error] Failed to respawn an item with ID 36113 from type Fire [6]
[08/21/2021 13:45:43] [Error] Failed to respawn an item with ID 36116 from type Fire [6]
[08/21/2021 13:49:02] [Error] Failed to respawn an item with ID 36113 from type Fire [6]
[08/21/2021 13:49:37] [Info] Saving server
[08/21/2021 13:59:01] [Error] Failed to respawn an item with ID 36112 from type Fire [6]
[08/21/2021 13:59:01] [Error] Failed to respawn an item with ID 36821 from type Fire [6]
[08/21/2021 13:59:01] [Error] Failed to respawn an item with ID 36110 from type Fire [6]
[08/21/2021 13:59:03] [Error] Failed to respawn an item with ID 36821 from type Fire [6]
[08/21/2021 14:03:24] [Error] Failed to respawn an item with ID 36115 from type Fire [6]
[08/21/2021 14:09:02] [Error] Failed to respawn an item with ID 36116 from type Fire [6]
[08/21/2021 14:12:22] [Error] Failed to respawn an item with ID 36821 from type Fire [6]
[08/21/2021 14:12:28] [Error] Failed to respawn an item with ID 36114 from type Fire [6]
[08/21/2021 14:15:42] [Error] Failed to respawn an item with ID 36111 from type Fire [6]
[08/21/2021 14:15:43] [Error] Failed to respawn an item with ID 36114 from type Fire [6]
[08/21/2021 14:15:43] [Error] Failed to respawn an item with ID 36117 from type Fire [6]
[08/21/2021 14:19:37] [Info] Saving server
[08/21/2021 14:21:15] [Info] Lost connection to Steam servers because k_EResultServiceUnavailable
[08/21/2021 14:22:25] [Error] Failed to respawn an item with ID 36117 from type Fire [6]
[08/21/2021 14:29:03] [Error] Failed to respawn an item with ID 36115 from type Fire [6]
[08/21/2021 14:29:12] [Error] Failed to respawn an item with ID 36820 from type Fire [6]
[08/21/2021 14:32:33] [Error] Failed to respawn an item with ID 36821 from type Fire [6]
[08/21/2021 14:32:33] [Error] Failed to respawn an item with ID 36820 from type Fire [6]
[08/21/2021 14:35:41] [Error] Failed to respawn an item with ID 36116 from type Fire [6]
[08/21/2021 14:49:03] [Error] Failed to respawn an item with ID 36114 from type Fire [6]
[08/21/2021 14:49:37] [Info] Saving server
[08/21/2021 15:01:41] [Error] Failed to respawn an item with ID 36820 from type Fire [6]
[08/21/2021 15:02:21] [Error] Failed to respawn an item with ID 36112 from type Fire [6]
[08/21/2021 15:02:23] [Error] Failed to respawn an item with ID 36110 from type Fire [6]
[08/21/2021 15:02:23] [Error] Failed to respawn an item with ID 36110 from type Fire [6]
[08/21/2021 15:04:07] [Error] Failed to respawn an item with ID 36821 from type Fire [6]
[08/21/2021 15:05:43] [Error] Failed to respawn an item with ID 36115 from type Fire [6]
[08/21/2021 15:10:47] [Error] Failed to respawn an item with ID 36110 from type Fire [6]
[08/21/2021 15:12:23] [Error] Failed to respawn an item with ID 36110 from type Fire [6]
[08/21/2021 15:14:07] [Error] Failed to respawn an item with ID 36111 from type Fire [6]
[08/21/2021 15:14:16] [Error] Failed to respawn an item with ID 36821 from type Fire [6]
[08/21/2021 15:15:43] [Error] Failed to respawn an item with ID 36110 from type Fire [6]
[08/21/2021 15:15:43] [Error] Failed to respawn an item with ID 36117 from type Fire [6]
[08/21/2021 15:19:37] [Info] Saving server
[08/21/2021 15:22:23] [Error] Failed to respawn an item with ID 36117 from type Fire [6]
[08/21/2021 15:22:23] [Error] Failed to respawn an item with ID 36112 from type Fire [6]
[08/21/2021 15:22:23] [Error] Failed to respawn an item with ID 36113 from type Fire [6]
[08/21/2021 15:22:23] [Error] Failed to respawn an item with ID 36110 from type Fire [6]
[08/21/2021 15:25:43] [Error] Failed to respawn an item with ID 36821 from type Fire [6]
[08/21/2021 15:25:43] [Error] Failed to respawn an item with ID 36821 from type Fire [6]
[08/21/2021 15:25:43] [Error] Failed to respawn an item with ID 36116 from type Fire [6]
[08/21/2021 15:29:03] [Error] Failed to respawn an item with ID 36820 from type Fire [6]
[08/21/2021 15:32:22] [Error] Failed to respawn an item with ID 36115 from type Fire [6]
[08/21/2021 15:35:43] [Error] Failed to respawn an item with ID 36820 from type Fire [6]
[08/21/2021 15:35:53] [Error] Failed to respawn an item with ID 36110 from type Fire [6]
[08/21/2021 15:41:45] [Error] Failed to respawn an item with ID 36115 from type Fire [6]
[08/21/2021 15:45:42] [Error] Failed to respawn an item with ID 36820 from type Fire [6]
[08/21/2021 15:45:43] [Error] Failed to respawn an item with ID 36821 from type Fire [6]
[08/21/2021 15:49:03] [Error] Failed to respawn an item with ID 36112 from type Fire [6]
[08/21/2021 15:49:04] [Error] Failed to respawn an item with ID 36116 from type Fire [6]
[08/21/2021 15:49:37] [Info] Saving server
[08/21/2021 15:52:21] [Error] Failed to respawn an item with ID 36114 from type Fire [6]
[08/21/2021 15:52:23] [Error] Failed to respawn an item with ID 36116 from type Fire [6]
[08/21/2021 15:52:33] [Error] Failed to respawn an item with ID 36821 from type Fire [6]
[08/21/2021 15:55:44] [Error] Failed to respawn an item with ID 36113 from type Fire [6]
[08/21/2021 15:59:03] [Error] Failed to respawn an item with ID 36821 from type Fire [6]
[08/21/2021 15:59:03] [Error] Failed to respawn an item with ID 36116 from type Fire [6]
[08/21/2021 16:02:23] [Error] Failed to respawn an item with ID 36113 from type Fire [6]
[08/21/2021 16:02:23] [Error] Failed to respawn an item with ID 36114 from type Fire [6]
[08/21/2021 16:05:43] [Error] Failed to respawn an item with ID 36821 from type Fire [6]
[08/21/2021 16:06:54] [Error] Failed to respawn an item with ID 36821 from type Fire [6]
[08/21/2021 16:12:23] [Error] Failed to respawn an item with ID 36116 from type Fire [6]
[08/21/2021 16:12:23] [Error] Failed to respawn an item with ID 36114 from type Fire [6]
[08/21/2021 16:12:24] [Error] Failed to respawn an item with ID 36821 from type Fire [6]
[08/21/2021 16:14:13] [Error] Failed to find any players.
[08/21/2021 16:14:17] [Info] 
[unloading] WebsiteCommand
