[08/10/2021 17:50:21] [Info] [registered] /more (Rocket.Unturned.Commands.CommandMore/more)
[08/10/2021 17:50:21] [Info] [registered] /admin (Rocket.Unturned.Commands.CommandAdmin/admin)
[08/10/2021 17:50:21] [Info] [registered] /broadcast (Rocket.Unturned.Commands.CommandBroadcast/broadcast)
[08/10/2021 17:50:21] [Info] [registered] /compass (Rocket.Unturned.Commands.CommandCompass/compass)
[08/10/2021 17:50:21] [Info] [registered] /effect (Rocket.Unturned.Commands.CommandEffect/effect)
[08/10/2021 17:50:21] [Info] [registered] /exit (Rocket.Unturned.Commands.CommandExit/exit)
[08/10/2021 17:50:21] [Info] [registered] /god (Rocket.Unturned.Commands.CommandGod/god)
[08/10/2021 17:50:21] [Info] [registered] /heal (Rocket.Unturned.Commands.CommandHeal/heal)
[08/10/2021 17:50:21] [Info] [registered] /help (Rocket.Unturned.Commands.CommandHelp/help)
[08/10/2021 17:50:21] [Info] [registered] /home (Rocket.Unturned.Commands.CommandHome/home)
[08/10/2021 17:50:21] [Info] [registered] /i (Rocket.Unturned.Commands.CommandI/i)
[08/10/2021 17:50:21] [Info] [registered] /item (Rocket.Unturned.Commands.CommandI/item)
[08/10/2021 17:50:21] [Info] [registered] /investigate (Rocket.Unturned.Commands.CommandInvestigate/investigate)
[08/10/2021 17:50:21] [Info] [registered] /p (Rocket.Unturned.Commands.CommandP/p)
[08/10/2021 17:50:21] [Info] [registered] /permissions (Rocket.Unturned.Commands.CommandP/permissions)
[08/10/2021 17:50:21] [Info] [registered] /rocket (Rocket.Unturned.Commands.CommandRocket/rocket)
[08/10/2021 17:50:21] [Info] [registered] /tp (Rocket.Unturned.Commands.CommandTp/tp)
[08/10/2021 17:50:21] [Info] [registered] /tphere (Rocket.Unturned.Commands.CommandTphere/tphere)
[08/10/2021 17:50:21] [Info] [registered] /unadmin (Rocket.Unturned.Commands.CommandUnadmin/unadmin)
[08/10/2021 17:50:21] [Info] [registered] /v (Rocket.Unturned.Commands.CommandV/v)
[08/10/2021 17:50:21] [Info] [registered] /vanish (Rocket.Unturned.Commands.CommandVanish/vanish)
[08/10/2021 17:50:21] [Info] Loading MaxPlayer from /home/steam/unturned/Servers/myserver/Rocket/Plugins/MaxPlayer.dll
[08/10/2021 17:50:21] [Info] Loading WebsiteCommand from /home/steam/unturned/Servers/myserver/Rocket/Plugins/WebsiteCommand.dll
[08/10/2021 17:50:21] [Info] Loading uEssentials from /home/steam/unturned/Servers/myserver/Rocket/Plugins/uEssentials.dll
[08/10/2021 17:50:21] [Info] 
[loading] MaxPlayer
[08/10/2021 17:50:21] [Info] [registered] /checkmaxplayers (Tortellio.MaxplayerModifier.Commands.CommandMaxPlayers/checkmaxplayers)
[08/10/2021 17:50:21] [Info] [registered] /checkmp (Tortellio.MaxplayerModifier.Commands.CommandMaxPlayers/checkmp)
[08/10/2021 17:50:21] [Info] [registered] /mps (Tortellio.MaxplayerModifier.Commands.CommandMaxPlayers/mps)
[08/10/2021 17:50:21] [Info] [registered] /setmaxplayers (Tortellio.MaxplayerModifier.Commands.CommandMaxPlayer/setmaxplayers)
[08/10/2021 17:50:21] [Info] [registered] /setmp (Tortellio.MaxplayerModifier.Commands.CommandMaxPlayer/setmp)
[08/10/2021 17:50:21] [Info] [registered] /mp (Tortellio.MaxplayerModifier.Commands.CommandMaxPlayer/mp)
[08/10/2021 17:50:21] [Info] MaxPlayer >> MaxplayerModifier has been loaded!
[08/10/2021 17:50:21] [Info] MaxPlayer >> MaxplayerModifier 1.0.7
[08/10/2021 17:50:21] [Info] MaxPlayer >> Made by Tortellio
[08/10/2021 17:50:21] [Info] 
[loading] WebsiteCommand
[08/10/2021 17:50:21] [Info] WebsiteCommand >> WebsiteCommand has loaded!
[08/10/2021 17:50:21] [Info] [registered] /discord (WebsiteCommand.RocketWebsiteCommand/Discord)
[08/10/2021 17:50:21] [Info] 
[loading] uEssentials
[08/10/2021 17:50:21] [Info] This server will automatically save every 1800 seconds
[08/10/2021 17:50:21] [Info] Steam servers ready!
[08/10/2021 17:50:21] [Info] Workshop install folder: /home/steam/unturned/Servers/myserver/Workshop/Steam
[08/10/2021 17:50:21] [Info] 12 workshop item(s) requested
[08/10/2021 17:50:21] [Info] Submitting workshop query for 12 item(s)...
[08/10/2021 17:50:21] [Info] Workshop query yielded 12 result(s)
[08/10/2021 17:50:21] [Info] This server's allowed IP for Workshop downloads: 152.67.60.193
[08/10/2021 17:50:50] [Info] 1232252658 'More Farming Mod' queued for download
[08/10/2021 17:50:50] [Info] 928394140 'Oldie Firearm Pack' queued for download
[08/10/2021 17:50:50] [Info] 2306374088 'MilitaryMkll' queued for download
[08/10/2021 17:50:50] [Info] 2528363491 'Wind Vehicles' queued for download
[08/10/2021 17:50:50] [Info] 2435496165 'Vanilla Vehicles 2: Military Transport' queued for download
[08/10/2021 17:50:50] [Info] 2451595662 'Vanilla Vehicles 2: Air Transport' queued for download
[08/10/2021 17:50:50] [Info] 1979157694 'France Bundles' queued for download
[08/10/2021 17:50:50] [Info] 2487056925 'Kuwait Assets (Always Updated)' queued for download
[08/10/2021 17:50:50] [Info] 2175483644 'Metal Upgrades v5 Edited' queued for download
[08/10/2021 17:50:50] [Info] 1441131424 '[METAL] Building Assets by roll4charm' queued for download
[08/10/2021 17:50:50] [Info] 2425744483 ' Hard stack 2021' queued for download
[08/10/2021 17:50:50] [Info] 939083944 'GoldGaming's Locker Pack' queued for download
[08/10/2021 17:50:50] [Info] 12 workshop item(s) to download...
[08/10/2021 17:50:50] [Info] Workshop item found in cache: 1232252658
[08/10/2021 17:50:50] [Info] Installing workshop item: 1232252658
[08/10/2021 17:50:50] [Info] Installed workshop item: 1232252658
[08/10/2021 17:50:50] [Info] Workshop item found in cache: 928394140
[08/10/2021 17:50:50] [Info] Installing workshop item: 928394140
[08/10/2021 17:50:50] [Info] Installed workshop item: 928394140
[08/10/2021 17:50:50] [Info] Workshop item found in cache: 2306374088
[08/10/2021 17:50:50] [Info] Installing workshop item: 2306374088
[08/10/2021 17:50:50] [Info] Installed workshop item: 2306374088
[08/10/2021 17:50:50] [Info] Workshop item found in cache: 2528363491
[08/10/2021 17:50:50] [Info] Installing workshop item: 2528363491
[08/10/2021 17:50:50] [Info] Installed workshop item: 2528363491
[08/10/2021 17:50:50] [Info] Workshop item found in cache: 2435496165
[08/10/2021 17:50:50] [Info] Installing workshop item: 2435496165
[08/10/2021 17:50:50] [Info] Installed workshop item: 2435496165
[08/10/2021 17:50:50] [Info] Workshop item found in cache: 2451595662
[08/10/2021 17:50:50] [Info] Installing workshop item: 2451595662
[08/10/2021 17:50:50] [Info] Installed workshop item: 2451595662
[08/10/2021 17:50:50] [Info] Workshop item found in cache: 1979157694
[08/10/2021 17:50:50] [Info] Installing workshop item: 1979157694
[08/10/2021 17:50:50] [Info] Installed workshop item: 1979157694
[08/10/2021 17:50:50] [Info] Workshop item found in cache: 2487056925
[08/10/2021 17:50:50] [Info] Installing workshop item: 2487056925
[08/10/2021 17:50:50] [Info] Installed workshop item: 2487056925
[08/10/2021 17:50:50] [Info] Workshop item found in cache: 2175483644
[08/10/2021 17:50:50] [Info] Installing workshop item: 2175483644
[08/10/2021 17:50:50] [Info] Installed workshop item: 2175483644
[08/10/2021 17:50:50] [Info] Workshop item found in cache: 1441131424
[08/10/2021 17:50:50] [Info] Installing workshop item: 1441131424
[08/10/2021 17:50:50] [Info] Installed workshop item: 1441131424
[08/10/2021 17:50:50] [Info] Workshop item found in cache: 2425744483
[08/10/2021 17:50:50] [Info] Installing workshop item: 2425744483
[08/10/2021 17:50:50] [Info] Installed workshop item: 2425744483
[08/10/2021 17:50:50] [Info] Workshop item found in cache: 939083944
[08/10/2021 17:50:50] [Info] Installing workshop item: 939083944
[08/10/2021 17:50:50] [Info] Installed workshop item: 939083944
[08/10/2021 17:50:50] [Info] Loading level: 8%
[08/10/2021 17:50:53] [Info] Loading level: 16%
[08/10/2021 17:50:55] [Info] Loading level: 25%
[08/10/2021 17:50:55] [Info] Loading level: 33%
[08/10/2021 17:50:55] [Info] Loading level: 41%
[08/10/2021 17:50:55] [Info] Loading level: 50%
[08/10/2021 17:50:55] [Info] Loading level: 58%
[08/10/2021 17:50:55] [Info] Loading level: 66%
[08/10/2021 17:50:55] [Info] Loading level: 75%
[08/10/2021 17:50:55] [Info] Loading level: 83%
[08/10/2021 17:50:55] [Info] Loading level: 91%
[08/10/2021 17:50:55] [Info] Loading level: 100%
[08/10/2021 17:51:25] [Info] Connecting: PlayerID: 76561198066514317 Name: Zikinha Character: Zikinha
[08/10/2021 17:51:33] [Info] Connecting: PlayerID: 76561199107766810 Name: Brunóx Character: Brunóx
[08/10/2021 17:51:44] [Info] Connecting: PlayerID: 76561198388550907 Name: victorx0 Character: victorx0
[08/10/2021 17:51:50] [Info] [World] Brunóx [Brunóx]: "eae"
[08/10/2021 17:51:57] [Info] Connecting: PlayerID: 76561199196433942 Name: palio fodase da estem Character: palio fodase da estem
[08/10/2021 17:52:00] [Info] Connecting: PlayerID: 76561198840962036 Name: ronaldcouto33 Character: ronaldcouto33
[08/10/2021 17:52:55] [Info] Connecting: PlayerID: 76561198371542208 Name: BrunoNRG Character: BrunoNRG
[08/10/2021 17:53:02] [Info] [World] Brunóx [Brunóx]: "bruno"
[08/10/2021 17:53:14] [Info] [World] Zikinha [Zikinha]: "/kit inicial"
[08/10/2021 17:53:17] [Info] [Area] victorx0 [victorx0]: "/kit inicial"
[08/10/2021 17:54:28] [Info] [World] Zikinha [Zikinha]: "/tpa ronaldcouto33"
[08/10/2021 17:54:33] [Info] [World] ronaldcouto33 [ronaldcouto33]: "/tpa accept"
[08/10/2021 17:54:36] [Info] Connecting: PlayerID: 76561198451194153 Name: Corvo Character: Corvo
[08/10/2021 17:55:02] [Info] [World] Corvo [Corvo]: "/kits"
[08/10/2021 17:55:07] [Info] [World] Corvo [Corvo]: "/kit discord"
[08/10/2021 17:55:27] [Info] [Area] victorx0 [victorx0]: "/tpa zikinha"
[08/10/2021 17:55:39] [Info] [World] Zikinha [Zikinha]: "/tpa accept"
[08/10/2021 17:58:34] [Info] Connecting: PlayerID: 76561198942031373 Name: Eu kimetsu no teu rayba Character: Eu kimetsu no teu rayba
[08/10/2021 17:59:19] [Info] Successfully admined Eu kimetsu no teu rayba
[08/10/2021 18:00:16] [Info] [World] Eu kimetsu no teu rayba [Eu kimetsu no teu rayba]: "/god"
[08/10/2021 18:00:21] [Info] Eu kimetsu no teu rayba enabled Godmode
[08/10/2021 18:00:21] [Info] [World] Eu kimetsu no teu rayba [Eu kimetsu no teu rayba]: "/vehicles 35000"
[08/10/2021 18:00:26] [Info] [World] Eu kimetsu no teu rayba [Eu kimetsu no teu rayba]: "/vehicle 35000"
[08/10/2021 18:00:46] [Info] [World] Eu kimetsu no teu rayba [Eu kimetsu no teu rayba]: "/vehicle 35005"
[08/10/2021 18:00:52] [Info] [World] Eu kimetsu no teu rayba [Eu kimetsu no teu rayba]: "/vehicle 35000"
[08/10/2021 18:01:56] [Info] [World] Eu kimetsu no teu rayba [Eu kimetsu no teu rayba]: "vou add mais veiculos galerinha"
[08/10/2021 18:02:06] [Info] [World] Corvo [Corvo]: "mod ou vai aumentar a capacidade?"
[08/10/2021 18:02:11] [Info] [World] Eu kimetsu no teu rayba [Eu kimetsu no teu rayba]: "mod"
[08/10/2021 18:02:19] [Info] [World] Eu kimetsu no teu rayba [Eu kimetsu no teu rayba]: "os que eu coloquei nao funciona"
[08/10/2021 18:02:22] [Info] [World] Corvo [Corvo]: "blz é de transport?"
[08/10/2021 18:02:31] [Info] [World] Zikinha [Zikinha]: "devolve a mk ai ?"
[08/10/2021 18:02:32] [Info] [World] Eu kimetsu no teu rayba [Eu kimetsu no teu rayba]: "é uns carros de corrida"
[08/10/2021 18:02:36] [Info] [World] BrunoNRG [BrunoNRG]: "ademiro o server é novo?"
[08/10/2021 18:02:42] [Info] [World] Eu kimetsu no teu rayba [Eu kimetsu no teu rayba]: "sim"
[08/10/2021 18:02:50] [Info] [World] Eu kimetsu no teu rayba [Eu kimetsu no teu rayba]: "acho que tem uns 5 dias on"
[08/10/2021 18:02:56] [Info] [World] Corvo [Corvo]: "zikinha eu devolvo se tu devolver o metal"
[08/10/2021 18:02:59] [Info] [World] BrunoNRG [BrunoNRG]: "braboi"
[08/10/2021 18:03:08] [Info] [World] Brunóx [Brunóx]: "o server é topp"
[08/10/2021 18:03:09] [Info] [World] Zikinha [Zikinha]: "que metal"
[08/10/2021 18:03:12] [Info] [World] BrunoNRG [BrunoNRG]: "achei daora tnm,"
[08/10/2021 18:03:20] [Info] [World] Eu kimetsu no teu rayba [Eu kimetsu no teu rayba]: "<3"
[08/10/2021 18:03:24] [Info] [World] Corvo [Corvo]: "o cara aqui morreu com uns metal ai perto e n pegamo"
[08/10/2021 18:03:38] [Info] [World] Corvo [Corvo]: "alguém pegou"
[08/10/2021 18:03:42] [Info] [World] Zikinha [Zikinha]: "quanto de metal ?"
[08/10/2021 18:03:45] [Info] Connecting: PlayerID: 76561198258255783 Name: Blooddrago2202 Character: Blooddrago2202
[08/10/2021 18:03:49] [Info] [World] Corvo [Corvo]: "acho q era uns 50"
[08/10/2021 18:03:51] [Info] Brunóx [Brunóx] killed themself.
[08/10/2021 18:03:55] [Info] [World] Corvo [Corvo]: "até mais mas só 50 ta bom"
[08/10/2021 18:04:15] [Info] [World] Eu kimetsu no teu rayba [Eu kimetsu no teu rayba]: "/god"
[08/10/2021 18:04:15] [Info] Eu kimetsu no teu rayba disabled Godmode
[08/10/2021 18:04:15] [Info] [World] Zikinha [Zikinha]: "blz mais tu vai devolver mesmo ne"
[08/10/2021 18:04:18] [Info] [World] Eu kimetsu no teu rayba [Eu kimetsu no teu rayba]: "/god"
[08/10/2021 18:04:29] [Info] Eu kimetsu no teu rayba enabled Godmode
[08/10/2021 18:04:29] [Info] [World] BrunoNRG [BrunoNRG]: "eu to perdido"
[08/10/2021 18:04:34] [Info] [World] BrunoNRG [BrunoNRG]: "é muito item KKKKK"
[08/10/2021 18:04:46] [Info] [World] Zikinha [Zikinha]: "/home"
[08/10/2021 18:04:49] [Info] [World] Corvo [Corvo]: "zikinha posso manda tp to com ela aqui"
[08/10/2021 18:05:02] [Info] [World] Zikinha [Zikinha]: "so 1 min vo pegar na base"
[08/10/2021 18:05:08] [Info] [World] Corvo [Corvo]: "blz"
[08/10/2021 18:05:09] [Info] Connecting: PlayerID: 76561199147183725 Name: trollmercenary Character: trollmercenary
[08/10/2021 18:05:14] [Info] [World] Corvo [Corvo]: "se me matar é mancada"
[08/10/2021 18:05:29] [Info] [World] Zikinha [Zikinha]: "vc tbm"
[08/10/2021 18:05:34] [Info] [World] Zikinha [Zikinha]: "eu sou honesto nessa parte"
[08/10/2021 18:05:39] [Info] Kicking for inactivity: PlayerID: 76561199147183725 Name: trollmercenary Character: trollmercenary
[08/10/2021 18:05:40] [Info] Disconnecting: PlayerID: 76561199147183725 Name: trollmercenary Character: trollmercenary
[08/10/2021 18:05:40] [Info] [World] Corvo [Corvo]: "n vou matar"
[08/10/2021 18:05:50] [Info] [World] Corvo [Corvo]: "posso manda tp?"
[08/10/2021 18:05:57] [Info] [World] Zikinha [Zikinha]: "ainda nao"
[08/10/2021 18:06:02] [Info] [World] Corvo [Corvo]: "fala quando puder"
[08/10/2021 18:06:06] [Info] [World] Zikinha [Zikinha]: "eu dropei no chao sem querer e sumiu"
[08/10/2021 18:06:12] [Info] [World] Zikinha [Zikinha]: "mais vou farma aki pra tu rapedao"
[08/10/2021 18:06:19] [Info] [World] Corvo [Corvo]: "blz"
[08/10/2021 18:07:28] [Info] [Area] victorx0 [victorx0]: "/tpa zikinha"
[08/10/2021 18:07:41] [Info] [World] Zikinha [Zikinha]: "/tpa accept"
[08/10/2021 18:08:15] [Info] Connecting: PlayerID: 76561199147183725 Name: trollmercenary Character: trollmercenary
[08/10/2021 18:08:31] [Info] [World] trollmercenary [trollmercenary]: "coe adm"
[08/10/2021 18:08:38] [Info] [World] trollmercenary [trollmercenary]: "libera o vip pa nois"
[08/10/2021 18:08:40] [Info] [World] trollmercenary [trollmercenary]: "meu niver"
[08/10/2021 18:08:44] [Info] [World] trollmercenary [trollmercenary]: "meu niver"
[08/10/2021 18:09:36] [Info] Connecting: PlayerID: 76561198874850589 Name: Ricky Character: [CDS] Ricky
[08/10/2021 18:09:52] [Info] Player finished session: 76561198874850589
[08/10/2021 18:10:48] [Info] Disconnecting: PlayerID: 76561198874850589 Name: Ricky Character: [CDS] Ricky
[08/10/2021 18:10:48] [Info] [World] Zikinha [Zikinha]: "pode da tp"
[08/10/2021 18:10:56] [Info] [World] Corvo [Corvo]: "/tpa zikinha"
[08/10/2021 18:11:11] [Info] [World] Zikinha [Zikinha]: "/tpa accept"
[08/10/2021 18:11:32] [Info] [World] Corvo [Corvo]: "/home"
[08/10/2021 18:12:24] [Info] [World] Corvo [Corvo]: "/home"
[08/10/2021 18:12:25] [Info] [Area] Blooddrago2202 [Blooddrago2202]: "/tpa troll"
[08/10/2021 18:12:29] [Info] [World] trollmercenary [trollmercenary]: "/tpa a"
[08/10/2021 18:12:52] [Info] [World] Zikinha [Zikinha]: "/home"
[08/10/2021 18:12:55] [Info] [Area] victorx0 [victorx0]: "/home"
[08/10/2021 18:13:07] [Info] Zikinha moved x:1974.633 y:134.6213(+88.68909) z:-967.4609 in the last second (0.1000061)
[08/10/2021 18:13:10] [Info] victorx0 moved x:1971.773 y:134.7656(+88.8571) z:-960.2891 in the last second (0.7325439)
[08/10/2021 18:14:36] [Info] Brunóx moved x:1462.563 y:219.0625(+61.80844) z:1877.117 in the last second (5.009888)
[08/10/2021 18:15:06] [Info] [World] ronaldcouto33 [ronaldcouto33]: "/kit inicial"
[08/10/2021 18:15:50] [Info] [World] trollmercenary [trollmercenary]: "e meu vip?"
[08/10/2021 18:16:13] [Info] [World] Eu kimetsu no teu rayba [Eu kimetsu no teu rayba]: "kkkkk, manda os pix"
[08/10/2021 18:16:22] [Info] [World] trollmercenary [trollmercenary]: "coe adm meu aniversario"
[08/10/2021 18:16:24] [Info] [World] trollmercenary [trollmercenary]: "quebra essa ai"
[08/10/2021 18:16:29] [Info] [World] trollmercenary [trollmercenary]: "quebra essa ai pa nois"
[08/10/2021 18:16:35] [Info] [World] Eu kimetsu no teu rayba [Eu kimetsu no teu rayba]: "muchos  parabains"
[08/10/2021 18:16:36] [Info] [World] BrunoNRG [BrunoNRG]: "ue"
[08/10/2021 18:16:42] [Info] [World] BrunoNRG [BrunoNRG]: "o esse cara KKKK"
[08/10/2021 18:16:52] [Info] trollmercenary moved x:1442.133 y:117.7499(+56.02267) z:-1889.133 in the last second (0.1000443)
[08/10/2021 18:16:54] [Info] [World] Eu kimetsu no teu rayba [Eu kimetsu no teu rayba]: "kkkkkkk"
[08/10/2021 18:16:54] [Info] [World] trollmercenary [trollmercenary]: "bah"
[08/10/2021 18:16:59] [Info] [World] BrunoNRG [BrunoNRG]: "o cara quer um rabo e ainda quer raspado"
[08/10/2021 18:17:07] [Info] [World] Eu kimetsu no teu rayba [Eu kimetsu no teu rayba]: "kkkkkkkkkkkkkkkkkkkkkkk"
[08/10/2021 18:17:08] [Info] [World] Eu kimetsu no teu rayba [Eu kimetsu no teu rayba]: "anao"
[08/10/2021 18:17:18] [Info] trollmercenary [trollmercenary] bled to death!
[08/10/2021 18:17:23] [Info] Player finished session: 76561199107766810
[08/10/2021 18:17:29] [Info] Disconnecting: PlayerID: 76561199107766810 Name: Brunóx Character: Brunóx
[08/10/2021 18:17:29] [Info] [World] trollmercenary [trollmercenary]: "/home"
[08/10/2021 18:17:39] [Info] [World] Eu kimetsu no teu rayba [Eu kimetsu no teu rayba]: "nem no discord tu ta"
[08/10/2021 18:17:40] [Info] BrunoNRG moved x:1784.945 y:117.9922(+64.76102) z:-327.0391 in the last second (0.7446289)
[08/10/2021 18:17:42] [Info] [World] Eu kimetsu no teu rayba [Eu kimetsu no teu rayba]: "e quer moral"
[08/10/2021 18:17:44] [Info] [World] Eu kimetsu no teu rayba [Eu kimetsu no teu rayba]: "kkkkkk"
[08/10/2021 18:17:45] [Info] trollmercenary moved x:1426.672 y:118.5061(+89.94293) z:-1887.852 in the last second (0.09999847)
[08/10/2021 18:17:47] [Info] [World] BrunoNRG [BrunoNRG]: "tomoli"
[08/10/2021 18:17:47] [Info] [World] trollmercenary [trollmercenary]: "claro q to"
[08/10/2021 18:17:52] [Info] [World] Corvo [Corvo]: "/home"
[08/10/2021 18:17:55] [Info] [World] Eu kimetsu no teu rayba [Eu kimetsu no teu rayba]: "tu é o apache ?"
[08/10/2021 18:17:56] [Info] [World] trollmercenary [trollmercenary]: "sou o apache"
[08/10/2021 18:17:58] [Info] [World] trollmercenary [trollmercenary]: "ss"
[08/10/2021 18:17:59] [Info] [World] BrunoNRG [BrunoNRG]: "indigente"
[08/10/2021 18:18:08] [Info] Corvo moved x:-1829.398 y:193.8118(+66.03499) z:1872.773 in the last second (0.09999084)
[08/10/2021 18:18:16] [Info] [World] Eu kimetsu no teu rayba [Eu kimetsu no teu rayba]: "/p add troll discord"
[08/10/2021 18:18:23] [Info] [World] Eu kimetsu no teu rayba [Eu kimetsu no teu rayba]: "e tu bruno"
[08/10/2021 18:18:26] [Info] [World] Eu kimetsu no teu rayba [Eu kimetsu no teu rayba]: "ta no disc ?"
[08/10/2021 18:18:34] [Info] [World] Eu kimetsu no teu rayba [Eu kimetsu no teu rayba]: "pra eu setar klt"
[08/10/2021 18:18:39] [Info] [Area] Blooddrago2202 [Blooddrago2202]: "/home"
[08/10/2021 18:18:44] [Info] [World] BrunoNRG [BrunoNRG]: "ainda n tenho q entrar"
[08/10/2021 18:18:49] [Info] [World] BrunoNRG [BrunoNRG]: "meu pczin e vei"
[08/10/2021 18:18:55] [Info] [World] BrunoNRG [BrunoNRG]: "mo tempo pra entrar no ds"
[08/10/2021 18:19:02] [Info] [World] BrunoNRG [BrunoNRG]: "e todo lugar nq vou tem nego"
[08/10/2021 18:19:06] [Info] [World] trollmercenary [trollmercenary]: "quanto q eh o vip?"
[08/10/2021 18:19:12] [Info] [Area] Blooddrago2202 [Blooddrago2202]: "/tpa trollmercenary"
[08/10/2021 18:19:19] [Info] [World] trollmercenary [trollmercenary]: "/tpa a"
[08/10/2021 18:19:19] [Info] palio fodase da estem [palio fodase da estem] was mauled by a zombie!
[08/10/2021 18:19:23] [Info] [World] trollmercenary [trollmercenary]: "/kits"
[08/10/2021 18:19:24] [Info] [World] Blooddrago2202 [Blooddrago2202]: "e o meu bglh de membro adm kd?"
[08/10/2021 18:19:35] [Info] Blooddrago2202 moved x:1368.484 y:93.75266(+33.25677) z:-1844.398 in the last second (0.1465759)
[08/10/2021 18:19:44] [Info] [World] Blooddrago2202 [Blooddrago2202]: "fui um dos primeiros a entrar no server e n ganhei nem um beijim"
[08/10/2021 18:19:54] [Info] [World] BrunoNRG [BrunoNRG]: "quer uma mamada?"
[08/10/2021 18:19:55] [Info] [World] Eu kimetsu no teu rayba [Eu kimetsu no teu rayba]: "po, ainda não arrumei os vips no discord, mas se quiser chama la no pv que a gente resolve"
[08/10/2021 18:19:59] [Info] [World] Blooddrago2202 [Blooddrago2202]: "qria"
[08/10/2021 18:20:04] [Info] [World] Eu kimetsu no teu rayba [Eu kimetsu no teu rayba]: "kkkkkkk"
[08/10/2021 18:20:11] [Info] [World] BrunoNRG [BrunoNRG]: "venha"
[08/10/2021 18:20:13] [Info] [World] Corvo [Corvo]: "vai ter kit pra discord booster?"
[08/10/2021 18:20:15] [Info] [World] Eu kimetsu no teu rayba [Eu kimetsu no teu rayba]: "assediando os deuses"
[08/10/2021 18:20:21] [Info] Saving server
[08/10/2021 18:20:28] [Info] [World] BrunoNRG [BrunoNRG]: "ademiro  me passa o comando pra pega o ds"
[08/10/2021 18:20:37] [Info] [World] Eu kimetsu no teu rayba [Eu kimetsu no teu rayba]: "po,é uma  boa ideia, só editei o basico pra por pra funcionar"
[08/10/2021 18:20:43] [Info] [World] Eu kimetsu no teu rayba [Eu kimetsu no teu rayba]: "é /discord"
[08/10/2021 18:20:45] [Info] [World] Eu kimetsu no teu rayba [Eu kimetsu no teu rayba]: "/discord"
[08/10/2021 18:21:13] [Info] [World] BrunoNRG [BrunoNRG]: "ado ado ado pau no rabo de qm me matar deitado"
[08/10/2021 18:21:21] [Info] [World] BrunoNRG [BrunoNRG]: "/discord"
[08/10/2021 18:21:29] [Info] [World] BrunoNRG [BrunoNRG]: "/discord"
[08/10/2021 18:21:33] [Info] [World] BrunoNRG [BrunoNRG]: "n é n ademiro"
[08/10/2021 18:21:39] [Info] [World] BrunoNRG [BrunoNRG]: "n tenho permição"
[08/10/2021 18:21:44] [Info] [World] Eu kimetsu no teu rayba [Eu kimetsu no teu rayba]: "/p add blood discord"
[08/10/2021 18:22:12] [Info] [World] BrunoNRG [BrunoNRG]: "vou sair e entrar guenta ai["
[08/10/2021 18:22:20] [Info] [World] BrunoNRG [BrunoNRG]: "q empenho"
[08/10/2021 18:22:29] [Info] [World] BrunoNRG [BrunoNRG]: "vou tbm chama uns brodi aq"
[08/10/2021 18:22:31] [Info] [World] Eu kimetsu no teu rayba [Eu kimetsu no teu rayba]: "sério ?"
[08/10/2021 18:22:37] [Info] [World] BrunoNRG [BrunoNRG]: "sim po"
[08/10/2021 18:22:39] [Info] [World] Eu kimetsu no teu rayba [Eu kimetsu no teu rayba]: "oxi, que loucura"
[08/10/2021 18:22:44] [Info] [World] Eu kimetsu no teu rayba [Eu kimetsu no teu rayba]: "sera que eu nao coloquei la ?"
[08/10/2021 18:22:46] [Info] [World] BrunoNRG [BrunoNRG]: "tem uns cara aq q tava jogando cmg num server"
[08/10/2021 18:22:58] [Info] [World] Eu kimetsu no teu rayba [Eu kimetsu no teu rayba]: "vou arrumar antes de reiniciar"
[08/10/2021 18:23:03] [Info] [World] BrunoNRG [BrunoNRG]: "pode pa fui"
[08/10/2021 18:23:18] [Info] [World] BrunoNRG [BrunoNRG]: "deu vontade de cagar agr"
[08/10/2021 18:23:40] [Info] Player finished session: 76561198371542208
[08/10/2021 18:24:53] [Info] Disconnecting: PlayerID: 76561198371542208 Name: BrunoNRG Character: BrunoNRG
[08/10/2021 18:24:53] [Info] [World] Corvo [Corvo]: "ae zikinha onde dropa essa sharps ai"
[08/10/2021 18:25:07] [Info] [Area] victorx0 [victorx0]: "/tpa ronald"
[08/10/2021 18:25:12] [Info] [World] trollmercenary [trollmercenary]: "aqui no camp dropa direto"
[08/10/2021 18:25:15] [Info] [Area] ronaldcouto33 [ronaldcouto33]: "/tpa accept"
[08/10/2021 18:25:29] [Info] [World] Corvo [Corvo]: "tendi"
[08/10/2021 18:25:53] [Info] Connecting: PlayerID: 76561198371542208 Name: BrunoNRG Character: BrunoNRG
[08/10/2021 18:25:55] [Info] [World] Zikinha [Zikinha]: "sharps ?"
[08/10/2021 18:26:05] [Info] [World] Corvo [Corvo]: "a arma"
[08/10/2021 18:26:17] [Info] [World] Corvo [Corvo]: "ela dropa nos camps?"
[08/10/2021 18:26:28] [Info] [World] Zikinha [Zikinha]: "/tpa victorx0"
[08/10/2021 18:26:38] [Info] [World] trollmercenary [trollmercenary]: "n sei se em todos mas aquino olek dropa"
[08/10/2021 18:26:48] [Info] [World] Zikinha [Zikinha]: "ss nos camps"
[08/10/2021 18:27:08] [Info] [World] Zikinha [Zikinha]: "/tpa ronaldcouto33"
[08/10/2021 18:27:13] [Info] [Area] ronaldcouto33 [ronaldcouto33]: "/tpa accept"
[08/10/2021 18:27:19] [Info] Permissions reloaded
[08/10/2021 18:27:29] [Info] [World] trollmercenary [trollmercenary]: "/home"
[08/10/2021 18:27:36] [Info] [World] Eu kimetsu no teu rayba [Eu kimetsu no teu rayba]: "Bruno"
[08/10/2021 18:27:41] [Info] [World] Blooddrago2202 [Blooddrago2202]: "aaaaaaaaa"
[08/10/2021 18:27:43] [Info] [World] Eu kimetsu no teu rayba [Eu kimetsu no teu rayba]: "tenta usar /discord ai"
[08/10/2021 18:27:44] [Info] trollmercenary moved x:1426.672 y:119.1406(+68.47424) z:-1887.852 in the last second (0.7345047)
[08/10/2021 18:27:48] [Info] [World] Blooddrago2202 [Blooddrago2202]: "sexcxu"
[08/10/2021 18:27:53] [Info] [World] BrunoNRG [BrunoNRG]: "ademiro"
[08/10/2021 18:27:57] [Info] [World] BrunoNRG [BrunoNRG]: "faz favor?"
[08/10/2021 18:28:00] [Info] [World] Zikinha [Zikinha]: "/kit inicial"
[08/10/2021 18:28:02] [Info] [Area] ronaldcouto33 [ronaldcouto33]: "/kit inicial"
[08/10/2021 18:28:04] [Info] [World] Eu kimetsu no teu rayba [Eu kimetsu no teu rayba]: "o que ?"
[08/10/2021 18:28:08] [Info] [World] BrunoNRG [BrunoNRG]: "mandao link ai no chat"
[08/10/2021 18:28:14] [Info] [World] BrunoNRG [BrunoNRG]: "ta dando não KKKK"
[08/10/2021 18:28:17] [Info] [World] Eu kimetsu no teu rayba [Eu kimetsu no teu rayba]: "faz o que eu falei pra ver se foi"
[08/10/2021 18:28:24] [Info] [World] BrunoNRG [BrunoNRG]: "/discord"
[08/10/2021 18:28:31] [Info] [World] BrunoNRG [BrunoNRG]: "agr foi"
[08/10/2021 18:28:33] [Info] [World] BrunoNRG [BrunoNRG]: "/discord"
[08/10/2021 18:28:48] [Info] [World] Eu kimetsu no teu rayba [Eu kimetsu no teu rayba]: "era isso mermo"
[08/10/2021 18:28:57] [Info] [World] Eu kimetsu no teu rayba [Eu kimetsu no teu rayba]: "tinha esquecido de colocar"
[08/10/2021 18:29:11] [Info] [World] Eu kimetsu no teu rayba [Eu kimetsu no teu rayba]: "mas ae, 5 min pra reiniciar em"
[08/10/2021 18:29:38] [Info] palio fodase da estem [palio fodase da estem] was mauled by a zombie!
[08/10/2021 18:29:48] [Info] [World] Zikinha [Zikinha]: "/home"
[08/10/2021 18:30:03] [Info] Zikinha moved x:1974.633 y:134.882(+28.74165) z:-967.4609 in the last second (0.3606567)
[08/10/2021 18:30:31] [Info] [World] trollmercenary [trollmercenary]: "/kit discord"
[08/10/2021 18:31:44] [Info] [Area] ronaldcouto33 [ronaldcouto33]: "serve vai restar??"
[08/10/2021 18:31:45] [Info] BrunoNRG was added to the group discord
[08/10/2021 18:32:01] [Info] [World] Blooddrago2202 [Blooddrago2202]: "ok"
[08/10/2021 18:32:09] [Info] [Area] victorx0 [victorx0]: "/homw"
[08/10/2021 18:32:16] [Info] [Area] victorx0 [victorx0]: "/home"
[08/10/2021 18:32:31] [Info] victorx0 moved x:1971.773 y:134.1331(+36.7146) z:-960.2891 in the last second (0.1000061)
[08/10/2021 18:32:32] [Info] [World] Blooddrago2202 [Blooddrago2202]: "adm vc me ama?"
[08/10/2021 18:32:58] [Info] [World] Blooddrago2202 [Blooddrago2202]: "kkkkkkkkkkkkkkkkk boa"
[08/10/2021 18:34:26] [Info] palio fodase da estem [palio fodase da estem] killed themself.
[08/10/2021 18:34:46] [Info] palio fodase da estem [palio fodase da estem] killed themself.
[08/10/2021 18:35:18] [Info] palio fodase da estem [palio fodase da estem] suffocated to death!
[08/10/2021 18:35:28] [Info] [World] BrunoNRG [BrunoNRG]: "pronto ademiro"
[08/10/2021 18:35:33] [Info] [World] BrunoNRG [BrunoNRG]: "entrei"
[08/10/2021 18:36:03] [Error] Failed to find parameters in format [Text]/[R]/[G]/[B].
[08/10/2021 18:37:11] [Info] [World] BrunoNRG [BrunoNRG]: "/kits"
[08/10/2021 18:37:22] [Info] 
[unloading] WebsiteCommand
