[08/09/2021 06:25:11] [Info] [registered] /more (Rocket.Unturned.Commands.CommandMore/more)
[08/09/2021 06:25:11] [Info] [registered] /admin (Rocket.Unturned.Commands.CommandAdmin/admin)
[08/09/2021 06:25:11] [Info] [registered] /broadcast (Rocket.Unturned.Commands.CommandBroadcast/broadcast)
[08/09/2021 06:25:11] [Info] [registered] /compass (Rocket.Unturned.Commands.CommandCompass/compass)
[08/09/2021 06:25:11] [Info] [registered] /effect (Rocket.Unturned.Commands.CommandEffect/effect)
[08/09/2021 06:25:11] [Info] [registered] /exit (Rocket.Unturned.Commands.CommandExit/exit)
[08/09/2021 06:25:11] [Info] [registered] /god (Rocket.Unturned.Commands.CommandGod/god)
[08/09/2021 06:25:11] [Info] [registered] /heal (Rocket.Unturned.Commands.CommandHeal/heal)
[08/09/2021 06:25:11] [Info] [registered] /help (Rocket.Unturned.Commands.CommandHelp/help)
[08/09/2021 06:25:11] [Info] [registered] /home (Rocket.Unturned.Commands.CommandHome/home)
[08/09/2021 06:25:11] [Info] [registered] /i (Rocket.Unturned.Commands.CommandI/i)
[08/09/2021 06:25:11] [Info] [registered] /item (Rocket.Unturned.Commands.CommandI/item)
[08/09/2021 06:25:11] [Info] [registered] /investigate (Rocket.Unturned.Commands.CommandInvestigate/investigate)
[08/09/2021 06:25:11] [Info] [registered] /p (Rocket.Unturned.Commands.CommandP/p)
[08/09/2021 06:25:11] [Info] [registered] /permissions (Rocket.Unturned.Commands.CommandP/permissions)
[08/09/2021 06:25:11] [Info] [registered] /rocket (Rocket.Unturned.Commands.CommandRocket/rocket)
[08/09/2021 06:25:11] [Info] [registered] /tp (Rocket.Unturned.Commands.CommandTp/tp)
[08/09/2021 06:25:11] [Info] [registered] /tphere (Rocket.Unturned.Commands.CommandTphere/tphere)
[08/09/2021 06:25:11] [Info] [registered] /unadmin (Rocket.Unturned.Commands.CommandUnadmin/unadmin)
[08/09/2021 06:25:11] [Info] [registered] /v (Rocket.Unturned.Commands.CommandV/v)
[08/09/2021 06:25:11] [Info] [registered] /vanish (Rocket.Unturned.Commands.CommandVanish/vanish)
[08/09/2021 06:25:11] [Info] Loading MaxPlayer from /home/steam/unturned/Servers/myserver/Rocket/Plugins/MaxPlayer.dll
[08/09/2021 06:25:11] [Info] Loading WebsiteCommand from /home/steam/unturned/Servers/myserver/Rocket/Plugins/WebsiteCommand.dll
[08/09/2021 06:25:11] [Info] Loading uEssentials from /home/steam/unturned/Servers/myserver/Rocket/Plugins/uEssentials.dll
[08/09/2021 06:25:12] [Info] 
[loading] MaxPlayer
[08/09/2021 06:25:12] [Info] [registered] /checkmaxplayers (Tortellio.MaxplayerModifier.Commands.CommandMaxPlayers/checkmaxplayers)
[08/09/2021 06:25:12] [Info] [registered] /checkmp (Tortellio.MaxplayerModifier.Commands.CommandMaxPlayers/checkmp)
[08/09/2021 06:25:12] [Info] [registered] /mps (Tortellio.MaxplayerModifier.Commands.CommandMaxPlayers/mps)
[08/09/2021 06:25:12] [Info] [registered] /setmaxplayers (Tortellio.MaxplayerModifier.Commands.CommandMaxPlayer/setmaxplayers)
[08/09/2021 06:25:12] [Info] [registered] /setmp (Tortellio.MaxplayerModifier.Commands.CommandMaxPlayer/setmp)
[08/09/2021 06:25:12] [Info] [registered] /mp (Tortellio.MaxplayerModifier.Commands.CommandMaxPlayer/mp)
[08/09/2021 06:25:12] [Info] MaxPlayer >> MaxplayerModifier has been loaded!
[08/09/2021 06:25:12] [Info] MaxPlayer >> MaxplayerModifier 1.0.7
[08/09/2021 06:25:12] [Info] MaxPlayer >> Made by Tortellio
[08/09/2021 06:25:12] [Info] 
[loading] WebsiteCommand
[08/09/2021 06:25:12] [Info] WebsiteCommand >> WebsiteCommand has loaded!
[08/09/2021 06:25:12] [Info] [registered] /discord (WebsiteCommand.RocketWebsiteCommand/Discord)
[08/09/2021 06:25:12] [Info] 
[loading] uEssentials
[08/09/2021 06:25:12] [Info] This server will automatically save every 1800 seconds
[08/09/2021 06:25:12] [Info] Steam servers ready!
[08/09/2021 06:25:12] [Info] Workshop install folder: /home/steam/unturned/Servers/myserver/Workshop/Steam
[08/09/2021 06:25:12] [Info] 11 workshop item(s) requested
[08/09/2021 06:25:12] [Info] Submitting workshop query for 11 item(s)...
[08/09/2021 06:25:12] [Info] Workshop query yielded 11 result(s)
[08/09/2021 06:25:12] [Info] This server's allowed IP for Workshop downloads: 152.67.60.193
[08/09/2021 06:25:12] [Info] 928394140 'Oldie Firearm Pack' queued for download
[08/09/2021 06:25:12] [Info] 2306374088 'MilitaryMkll' queued for download
[08/09/2021 06:25:12] [Info] 2528363491 'Wind Vehicles' queued for download
[08/09/2021 06:25:12] [Info] 2435496165 'Vanilla Vehicles 2: Military Transport' queued for download
[08/09/2021 06:25:12] [Info] 2451595662 'Vanilla Vehicles 2: Air Transport' queued for download
[08/09/2021 06:25:12] [Info] 1979157694 'France Bundles' queued for download
[08/09/2021 06:25:12] [Info] 2487056925 'Kuwait Assets (Always Updated)' queued for download
[08/09/2021 06:25:12] [Info] 2175483644 'Metal Upgrades v5 Edited' queued for download
[08/09/2021 06:25:12] [Info] 1441131424 '[METAL] Building Assets by roll4charm' queued for download
[08/09/2021 06:25:12] [Info] 1418436222 'More Stacking Mod(Unofficial More Farming Mod Addon)' queued for download
[08/09/2021 06:25:12] [Info] 1418436222 'More Stacking Mod(Unofficial More Farming Mod Addon)' has 1 children
[08/09/2021 06:25:12] [Info] 	1232252658
[08/09/2021 06:25:12] [Info] 939083944 'GoldGaming's Locker Pack' queued for download
[08/09/2021 06:25:12] [Info] Submitting workshop query for 1 item(s)...
[08/09/2021 06:25:12] [Info] Workshop query yielded 1 result(s)
[08/09/2021 06:25:12] [Info] This server's allowed IP for Workshop downloads: 152.67.60.193
[08/09/2021 06:25:40] [Info] 1232252658 'More Farming Mod' queued for download
[08/09/2021 06:25:40] [Info] 12 workshop item(s) to download...
[08/09/2021 06:25:40] [Info] Workshop item found in cache: 928394140
[08/09/2021 06:25:40] [Info] Installing workshop item: 928394140
[08/09/2021 06:25:40] [Info] Installed workshop item: 928394140
[08/09/2021 06:25:40] [Info] Workshop item found in cache: 2306374088
[08/09/2021 06:25:40] [Info] Installing workshop item: 2306374088
[08/09/2021 06:25:40] [Info] Installed workshop item: 2306374088
[08/09/2021 06:25:40] [Info] Workshop item found in cache: 2528363491
[08/09/2021 06:25:40] [Info] Installing workshop item: 2528363491
[08/09/2021 06:25:40] [Info] Installed workshop item: 2528363491
[08/09/2021 06:25:40] [Info] Workshop item found in cache: 2435496165
[08/09/2021 06:25:40] [Info] Installing workshop item: 2435496165
[08/09/2021 06:25:40] [Info] Installed workshop item: 2435496165
[08/09/2021 06:25:40] [Info] Workshop item found in cache: 2451595662
[08/09/2021 06:25:40] [Info] Installing workshop item: 2451595662
[08/09/2021 06:25:40] [Info] Installed workshop item: 2451595662
[08/09/2021 06:25:40] [Info] Workshop item found in cache: 1979157694
[08/09/2021 06:25:40] [Info] Installing workshop item: 1979157694
[08/09/2021 06:25:40] [Info] Installed workshop item: 1979157694
[08/09/2021 06:25:40] [Info] Workshop item found in cache: 2487056925
[08/09/2021 06:25:40] [Info] Installing workshop item: 2487056925
[08/09/2021 06:25:40] [Info] Installed workshop item: 2487056925
[08/09/2021 06:25:40] [Info] Workshop item found in cache: 2175483644
[08/09/2021 06:25:40] [Info] Installing workshop item: 2175483644
[08/09/2021 06:25:40] [Info] Installed workshop item: 2175483644
[08/09/2021 06:25:40] [Info] Workshop item found in cache: 1441131424
[08/09/2021 06:25:40] [Info] Installing workshop item: 1441131424
[08/09/2021 06:25:40] [Info] Installed workshop item: 1441131424
[08/09/2021 06:25:40] [Info] Workshop item found in cache: 1418436222
[08/09/2021 06:25:40] [Info] Installing workshop item: 1418436222
[08/09/2021 06:25:40] [Warning] Workshop version of 'More Stacking Mod(Unofficial More Farming Mod Addon)' has not yet been updated from Unity 5.5 to 2017.4 or 2018.4.
[08/09/2021 06:25:40] [Info] Installed workshop item: 1418436222
[08/09/2021 06:25:40] [Info] Workshop item found in cache: 939083944
[08/09/2021 06:25:40] [Info] Installing workshop item: 939083944
[08/09/2021 06:25:40] [Info] Installed workshop item: 939083944
[08/09/2021 06:25:40] [Info] Workshop item found in cache: 1232252658
[08/09/2021 06:25:40] [Info] Installing workshop item: 1232252658
[08/09/2021 06:25:40] [Info] Installed workshop item: 1232252658
[08/09/2021 06:25:40] [Info] Loading level: 8%
[08/09/2021 06:25:43] [Info] Loading level: 16%
[08/09/2021 06:25:45] [Info] Loading level: 25%
[08/09/2021 06:25:45] [Info] Loading level: 33%
[08/09/2021 06:25:45] [Info] Loading level: 41%
[08/09/2021 06:25:45] [Info] Loading level: 50%
[08/09/2021 06:25:45] [Info] Loading level: 58%
[08/09/2021 06:25:45] [Info] Loading level: 66%
[08/09/2021 06:25:45] [Info] Loading level: 75%
[08/09/2021 06:25:45] [Info] Loading level: 83%
[08/09/2021 06:25:45] [Info] Loading level: 91%
[08/09/2021 06:25:45] [Info] Loading level: 100%
[08/09/2021 06:27:03] [Info] Connecting: PlayerID: 76561198942031373 Name: Eu kimetsu no teu rayba Character: Eu kimetsu no teu rayba
[08/09/2021 06:28:14] [Info] [World] Eu kimetsu no teu rayba [Eu kimetsu no teu rayba]: "/tp mili"
[08/09/2021 06:28:14] [Info] Eu kimetsu no teu rayba moved x:-1409.047 y:102.0547(+53.07676) z:1317.141 in the last second (1.231888)
[08/09/2021 06:36:31] [Info] Eu kimetsu no teu rayba moved x:-772.2578 y:216.9974(+98.6418) z:1949.938 in the last second (3.665039)
[08/09/2021 06:37:20] [Info] [World] Eu kimetsu no teu rayba [Eu kimetsu no teu rayba]: "/ci"
[08/09/2021 06:37:29] [Info] [World] Eu kimetsu no teu rayba [Eu kimetsu no teu rayba]: "/kit vipmktc"
[08/09/2021 06:37:55] [Info] [World] Eu kimetsu no teu rayba [Eu kimetsu no teu rayba]: "/i axe"
[08/09/2021 06:38:25] [Info] Connecting: PlayerID: 76561198258953283 Name: BOT Ardo Character: Maiklitoris
[08/09/2021 06:38:29] [Info] Player finished session: 76561198258953283
[08/09/2021 06:38:54] [Info] Disconnecting: PlayerID: 76561198258953283 Name: BOT Ardo Character: Maiklitoris
[08/09/2021 06:38:54] [Info] Connecting: PlayerID: 76561198350724813 Name: Manaos de Uva Character: Manaos de Uva
[08/09/2021 06:38:58] [Info] Player finished session: 76561198350724813
[08/09/2021 06:45:20] [Info] Disconnecting: PlayerID: 76561198350724813 Name: Manaos de Uva Character: Manaos de Uva
[08/09/2021 06:45:20] [Info] Connecting: PlayerID: 76561198258953283 Name: BOT Ardo Character: Maiklitoris
[08/09/2021 06:45:38] [Info] Connecting: PlayerID: 76561198350724813 Name: Manaos de Uva Character: Manaos de Uva
[08/09/2021 06:45:51] [Info] [World] Eu kimetsu no teu rayba [Eu kimetsu no teu rayba]: "/i blow"
[08/09/2021 06:46:11] [Info] [World] Manaos de Uva [Manaos de Uva]: "/kit"
[08/09/2021 06:46:22] [Info] [World] Manaos de Uva [Manaos de Uva]: "/kits"
[08/09/2021 06:46:27] [Info] [World] Manaos de Uva [Manaos de Uva]: "/kir inicial"
[08/09/2021 06:46:30] [Info] [World] Maiklitoris [BOT Ardo]: "/kit"
[08/09/2021 06:46:34] [Info] [World] Manaos de Uva [Manaos de Uva]: "/kit inicial"
[08/09/2021 06:46:35] [Info] [World] Maiklitoris [BOT Ardo]: "/help"
[08/09/2021 06:46:39] [Info] [World] Maiklitoris [BOT Ardo]: "/kit initial"
[08/09/2021 06:46:43] [Info] [World] Maiklitoris [BOT Ardo]: "/kit inicial"
[08/09/2021 06:51:24] [Info] [Area] Manaos de Uva [Manaos de Uva]: "/linterna"
[08/09/2021 06:55:11] [Info] Saving server
[08/09/2021 06:57:40] [Info] [World] Eu kimetsu no teu rayba [Eu kimetsu no teu rayba]: "eae"
[08/09/2021 06:57:49] [Info] [World] Eu kimetsu no teu rayba [Eu kimetsu no teu rayba]: "ta muito dificil de matar os zumbis ?"
[08/09/2021 06:59:24] [Info] [World] Eu kimetsu no teu rayba [Eu kimetsu no teu rayba]: "responde carai"
[08/09/2021 06:59:39] [Info] [World] Eu kimetsu no teu rayba [Eu kimetsu no teu rayba]: ";-;"
[08/09/2021 07:01:52] [Info] [World] Eu kimetsu no teu rayba [Eu kimetsu no teu rayba]: "/canish"
[08/09/2021 07:01:55] [Info] [World] Eu kimetsu no teu rayba [Eu kimetsu no teu rayba]: "/vanish"
[08/09/2021 07:02:12] [Info] Eu kimetsu no teu rayba enabled Vanishmode
[08/09/2021 07:02:12] [Info] [World] Eu kimetsu no teu rayba [Eu kimetsu no teu rayba]: "/kit inicial"
[08/09/2021 07:02:51] [Info] [World] Eu kimetsu no teu rayba [Eu kimetsu no teu rayba]: "/tp manaos"
[08/09/2021 07:03:15] [Info] [World] Eu kimetsu no teu rayba [Eu kimetsu no teu rayba]: "/god"
[08/09/2021 07:03:19] [Info] Eu kimetsu no teu rayba enabled Godmode
[08/09/2021 07:03:19] [Info] [World] Eu kimetsu no teu rayba [Eu kimetsu no teu rayba]: "/vanish"
[08/09/2021 07:03:40] [Info] Eu kimetsu no teu rayba disabled Vanishmode
[08/09/2021 07:03:40] [Info] [World] Eu kimetsu no teu rayba [Eu kimetsu no teu rayba]: "ta muito dificil de matar os zumbis ?"
[08/09/2021 07:03:48] [Info] [World] Maiklitoris [BOT Ardo]: "si mano"
[08/09/2021 07:03:49] [Info] [World] Maiklitoris [BOT Ardo]: "jasdjasdj"
[08/09/2021 07:04:15] [Info] [World] Eu kimetsu no teu rayba [Eu kimetsu no teu rayba]: "no ablo espanhol"
[08/09/2021 07:04:19] [Info] [World] Eu kimetsu no teu rayba [Eu kimetsu no teu rayba]: "daskasjkasdjk"
[08/09/2021 07:04:29] [Info] [World] Eu kimetsu no teu rayba [Eu kimetsu no teu rayba]: "ill fix this"
[08/09/2021 07:04:59] [Info] [World] Eu kimetsu no teu rayba [Eu kimetsu no teu rayba]: "thx"
[08/09/2021 07:05:23] [Info] [World] Eu kimetsu no teu rayba [Eu kimetsu no teu rayba]: "/heal manaos"
[08/09/2021 07:05:37] [Info] [World] Eu kimetsu no teu rayba [Eu kimetsu no teu rayba]: "desculpa por isso, vou arrumar agora"
[08/09/2021 07:05:52] [Info] [World] Eu kimetsu no teu rayba [Eu kimetsu no teu rayba]: "/home"
[08/09/2021 07:05:53] [Info] Eu kimetsu no teu rayba moved x:-802.1875 y:192.868(+130.6427) z:1908.383 in the last second (0.1000061)
[08/09/2021 07:06:29] [Info] [World] Maiklitoris [BOT Ardo]: "como voce consegue bandages?"
[08/09/2021 07:19:45] [Info] [World] Eu kimetsu no teu rayba [Eu kimetsu no teu rayba]: "te bandage rasgando la ropa y creando con cloth"
[08/09/2021 07:20:39] [Info] [World] Eu kimetsu no teu rayba [Eu kimetsu no teu rayba]: "tu lo haces bandage '"
[08/09/2021 07:20:45] [Info] [World] Eu kimetsu no teu rayba [Eu kimetsu no teu rayba]: "rangando la ropa"
[08/09/2021 07:21:07] [Info] [World] Eu kimetsu no teu rayba [Eu kimetsu no teu rayba]: "Reiniciare el servidor"
[08/09/2021 07:21:49] [Info] [World] Eu kimetsu no teu rayba [Eu kimetsu no teu rayba]: "intenta ir a un lugar seguro"
[08/09/2021 07:22:00] [Info] [World] Maiklitoris [BOT Ardo]: "ok"
[08/09/2021 07:22:00] [Info] [World] Eu kimetsu no teu rayba [Eu kimetsu no teu rayba]: "/vanish"
[08/09/2021 07:22:08] [Info] Eu kimetsu no teu rayba enabled Vanishmode
[08/09/2021 07:22:08] [Info] [World] Eu kimetsu no teu rayba [Eu kimetsu no teu rayba]: "/tp malklitoris"
[08/09/2021 07:22:13] [Info] [World] Eu kimetsu no teu rayba [Eu kimetsu no teu rayba]: "/tp mai"
[08/09/2021 07:23:52] [Info] 
[unloading] WebsiteCommand
